#
# A fatal error has been detected by the Java Runtime Environment:
#
#  EXCEPTION_ACCESS_VIOLATION (0xc0000005) at pc=0x0000021c09667445, pid=21420, tid=8612
#
# JRE version: OpenJDK Runtime Environment (11.0.1+13) (build 11.0.1+13)
# Java VM: OpenJDK 64-Bit Server VM (11.0.1+13, mixed mode, tiered, compressed oops, g1 gc, windows-amd64)
# Problematic frame:
# v  ~RuntimeStub::resolve_opt_virtual_call
#
# No core dump will be written. Minidumps are not enabled by default on client versions of Windows
#
# If you would like to submit a bug report, please visit:
#   http://bugreport.java.com/bugreport/crash.jsp
#

---------------  S U M M A R Y ------------

Command Line: --add-modules=ALL-SYSTEM --add-opens=java.base/java.util=ALL-UNNAMED --add-opens=java.base/java.lang=ALL-UNNAMED -Declipse.application=org.eclipse.jdt.ls.core.id1 -Dosgi.bundles.defaultStartLevel=4 -Declipse.product=org.eclipse.jdt.ls.core.product -Xverify:none -Xmx1G -XX:+UseG1GC -XX:+UseStringDeduplication C:\Users\Brendan\.vscode\extensions\redhat.java-0.36.0\server\plugins\org.eclipse.equinox.launcher_1.5.200.v20180922-1751.jar -configuration C:\Users\Brendan\.vscode\extensions\redhat.java-0.36.0\server\config_win -data c:\Users\Brendan\AppData\Roaming\Code\User\workspaceStorage\7f22294833d0675836bc7eace21dc031\redhat.java\jdt_ws

Host: AMD FX(tm)-6350 Six-Core Processor             , 6 cores, 15G,  Windows 10 , 64 bit Build 17134 (10.0.17134.1)
Time: Wed Jan  2 22:54:46 2019 Eastern Standard Time elapsed time: 673 seconds (0d 0h 11m 13s)

---------------  T H R E A D  ---------------

Current thread (0x0000021c21458000):  JavaThread "ForkJoinPool.commonPool-worker-11" daemon [_thread_in_Java, id=8612, stack(0x000000c54d700000,0x000000c54d800000)]

Stack: [0x000000c54d700000,0x000000c54d800000],  sp=0x000000c54d7fde68,  free space=1015k
Native frames: (J=compiled Java code, j=interpreted, Vv=VM code, C=native code)
C  0x0000021c09667445


siginfo: EXCEPTION_ACCESS_VIOLATION (0xc0000005), reading address 0x0000000000000000


Register to memory mapping:

RIP=0x0000021c09667445 is at code_begin+-59 in 
[CodeBlob (0x0000021c09667410)]
Framesize: 360
Runtime Stub (0x0000021c09667410): resolve_opt_virtual_call
RAX=0x0 is NULL
RBX=0x000000000000009e is an unknown value
RCX=0x0000000000000150 is an unknown value
RDX=0x00000000ce12e138 is an oop
org.eclipse.jdt.internal.compiler.parser.Scanner 
{0x00000000ce12e138} - klass: 'org/eclipse/jdt/internal/compiler/parser/Scanner'
RSP=0x000000c54d7fde68 is pointing into the stack for thread: 0x0000021c21458000
RBP=0x000000c54d7fe0c8 is pointing into the stack for thread: 0x0000021c21458000
RSI=0x0000021c243c6508 is pointing into metadata
RDI=0x0000000000000098 is an unknown value
R8 =0x0000021c243c6508 is pointing into metadata
R9 =0x00000000000005a8 is an unknown value
R10=0x0000000000000001 is an unknown value
R11=0x0000000000000300 is an unknown value
R12=0x0 is NULL
R13=0x0000000000000286 is an unknown value
R14=0x0 is NULL
R15=0x0000021c21458000 is a thread


Registers:
RAX=0x0000000000000000, RBX=0x000000000000009e, RCX=0x0000000000000150, RDX=0x00000000ce12e138
RSP=0x000000c54d7fde68, RBP=0x000000c54d7fe0c8, RSI=0x0000021c243c6508, RDI=0x0000000000000098
R8 =0x0000021c243c6508, R9 =0x00000000000005a8, R10=0x0000000000000001, R11=0x0000000000000300
R12=0x0000000000000000, R13=0x0000000000000286, R14=0x0000000000000000, R15=0x0000021c21458000
RIP=0x0000021c09667445, EFLAGS=0x0000000000010206

Top of Stack: (sp=0x000000c54d7fde68)
0x000000c54d7fde68:   0000021c0a702fb4 000000c54d7ff2a0
0x000000c54d7fde78:   0000000000200021 00000000000003d8
0x000000c54d7fde88:   0000021c1e0c0630 000000c54d7fdfc8
0x000000c54d7fde98:   00007ffa77682f59 0000021c25b0eab8
0x000000c54d7fdea8:   00007ffa77682eef 000000c54d7fdf00
0x000000c54d7fdeb8:   00007ffa77298ba8 0000021c21458000
0x000000c54d7fdec8:   00007ffa77671fea 0000000000000058
0x000000c54d7fded8:   00007ffa7767c6d4 3ff0000000000000
0x000000c54d7fdee8:   00007ffa7721d12f 00000000ce12e138
0x000000c54d7fdef8:   000000014d7fdfc8 0000002300000000
0x000000c54d7fdf08:   0000000100000000 0000021c1fae41e0
0x000000c54d7fdf18:   00007ffa7741845d 0000000000000058
0x000000c54d7fdf28:   00000000000000b5 000000c54d7fdfc8
0x000000c54d7fdf38:   0000021c0965cf74 0000021c21458000
0x000000c54d7fdf48:   0000000000200021 000000c54d7fdff0
0x000000c54d7fdf58:   0000000000200021 0000021c21458000 

Instructions: (pc=0x0000021c09667445)
0x0000021c09667425:   00 00 00 48 02 00 00 68 01 00 00 80 74 66 09 1c
0x0000021c09667435:   02 00 00 58 76 66 09 1c 02 00 00 80 74 66 09 1c
0x0000021c09667445:   02 00 00 58 76 66 09 1c 02 00 00 78 74 66 09 1c
0x0000021c09667455:   02 00 00 80 74 66 09 1c 02 00 00 f0 0c 34 1d 1c 




---------------  P R O C E S S  ---------------

Threads class SMR info:
_java_thread_list=0x0000021c22d54130, length=26, elements={
0x0000021c7fcf9000, 0x0000021c1dbc5800, 0x0000021c1dc08800, 0x0000021c1d386000,
0x0000021c1d387000, 0x0000021c1d38b800, 0x0000021c1dc12800, 0x0000021c1dc22000,
0x0000021c1dd96800, 0x0000021c1df6c000, 0x0000021c1e825800, 0x0000021c1fc24800,
0x0000021c1fe5f000, 0x0000021c1fd73000, 0x0000021c1feb6000, 0x0000021c1feb7800,
0x0000021c1feb5000, 0x0000021c1feb4000, 0x0000021c1feb1800, 0x0000021c1feb8000,
0x0000021c1feb2800, 0x0000021c21459000, 0x0000021c2145a800, 0x0000021c21457800,
0x0000021c21456800, 0x0000021c21458000
}

Java Threads: ( => current thread )
  0x0000021c7fcf9000 JavaThread "main" [_thread_blocked, id=13236, stack(0x000000c54b200000,0x000000c54b300000)]
  0x0000021c1dbc5800 JavaThread "Reference Handler" daemon [_thread_blocked, id=4056, stack(0x000000c54ba00000,0x000000c54bb00000)]
  0x0000021c1dc08800 JavaThread "Finalizer" daemon [_thread_blocked, id=11556, stack(0x000000c54bb00000,0x000000c54bc00000)]
  0x0000021c1d386000 JavaThread "Signal Dispatcher" daemon [_thread_blocked, id=21236, stack(0x000000c54bc00000,0x000000c54bd00000)]
  0x0000021c1d387000 JavaThread "Attach Listener" daemon [_thread_blocked, id=20652, stack(0x000000c54bd00000,0x000000c54be00000)]
  0x0000021c1d38b800 JavaThread "C2 CompilerThread0" daemon [_thread_blocked, id=21828, stack(0x000000c54be00000,0x000000c54bf00000)]
  0x0000021c1dc12800 JavaThread "C1 CompilerThread0" daemon [_thread_blocked, id=18148, stack(0x000000c54bf00000,0x000000c54c000000)]
  0x0000021c1dc22000 JavaThread "Sweeper thread" daemon [_thread_blocked, id=17904, stack(0x000000c54c000000,0x000000c54c100000)]
  0x0000021c1dd96800 JavaThread "Common-Cleaner" daemon [_thread_blocked, id=7784, stack(0x000000c54c100000,0x000000c54c200000)]
  0x0000021c1df6c000 JavaThread "Service Thread" daemon [_thread_blocked, id=16028, stack(0x000000c54c200000,0x000000c54c300000)]
  0x0000021c1e825800 JavaThread "Active Thread: Equinox Container: 86211cd8-e2d0-4f61-83bb-556a545c54aa" [_thread_blocked, id=2588, stack(0x000000c54cc00000,0x000000c54cd00000)]
  0x0000021c1fc24800 JavaThread "Refresh Thread: Equinox Container: 86211cd8-e2d0-4f61-83bb-556a545c54aa" daemon [_thread_blocked, id=24284, stack(0x000000c54cd00000,0x000000c54ce00000)]
  0x0000021c1fe5f000 JavaThread "Framework Event Dispatcher: Equinox Container: 86211cd8-e2d0-4f61-83bb-556a545c54aa" daemon [_thread_blocked, id=136, stack(0x000000c54d100000,0x000000c54d200000)]
  0x0000021c1fd73000 JavaThread "Start Level: Equinox Container: 86211cd8-e2d0-4f61-83bb-556a545c54aa" daemon [_thread_blocked, id=3592, stack(0x000000c54d200000,0x000000c54d300000)]
  0x0000021c1feb6000 JavaThread "Worker-JM" [_thread_blocked, id=14760, stack(0x000000c54d300000,0x000000c54d400000)]
  0x0000021c1feb7800 JavaThread "Java indexing" daemon [_thread_blocked, id=10664, stack(0x000000c54d600000,0x000000c54d700000)]
  0x0000021c1feb5000 JavaThread "Bundle File Closer" daemon [_thread_blocked, id=21608, stack(0x000000c54d800000,0x000000c54d900000)]
  0x0000021c1feb4000 JavaThread "pool-2-thread-1" [_thread_blocked, id=3380, stack(0x000000c54d900000,0x000000c54da00000)]
  0x0000021c1feb1800 JavaThread "pool-1-thread-1" [_thread_in_native, id=13080, stack(0x000000c54da00000,0x000000c54db00000)]
  0x0000021c1feb8000 JavaThread "Worker-2" [_thread_blocked, id=20072, stack(0x000000c54db00000,0x000000c54dc00000)]
  0x0000021c1feb2800 JavaThread "Worker-3" [_thread_blocked, id=12928, stack(0x000000c54dc00000,0x000000c54dd00000)]
  0x0000021c21459000 JavaThread "ForkJoinPool.commonPool-worker-3" daemon [_thread_blocked, id=23504, stack(0x000000c54dd00000,0x000000c54de00000)]
  0x0000021c2145a800 JavaThread "ForkJoinPool.commonPool-worker-5" daemon [_thread_blocked, id=23188, stack(0x000000c54ce00000,0x000000c54cf00000)]
  0x0000021c21457800 JavaThread "ForkJoinPool.commonPool-worker-7" daemon [_thread_blocked, id=16208, stack(0x000000c54cf00000,0x000000c54d000000)]
  0x0000021c21456800 JavaThread "ForkJoinPool.commonPool-worker-9" daemon [_thread_blocked, id=24328, stack(0x000000c54d000000,0x000000c54d100000)]
=>0x0000021c21458000 JavaThread "ForkJoinPool.commonPool-worker-11" daemon [_thread_in_Java, id=8612, stack(0x000000c54d700000,0x000000c54d800000)]

Other Threads:
  0x0000021c1d380000 VMThread "VM Thread" [stack: 0x000000c54b900000,0x000000c54ba00000] [id=2820]
  0x0000021c1df26000 WatcherThread [stack: 0x000000c54c300000,0x000000c54c400000] [id=13016]
  0x0000021c7fd0f000 GCTaskThread "GC Thread#0" [stack: 0x000000c54b300000,0x000000c54b400000] [id=20080]
  0x0000021c1f61b800 GCTaskThread "GC Thread#1" [stack: 0x000000c54c700000,0x000000c54c800000] [id=16184]
  0x0000021c1f821000 GCTaskThread "GC Thread#2" [stack: 0x000000c54c800000,0x000000c54c900000] [id=16600]
  0x0000021c1e3a5000 GCTaskThread "GC Thread#3" [stack: 0x000000c54c900000,0x000000c54ca00000] [id=20404]
  0x0000021c1e3a6000 GCTaskThread "GC Thread#4" [stack: 0x000000c54ca00000,0x000000c54cb00000] [id=23692]
  0x0000021c1e3a6800 GCTaskThread "GC Thread#5" [stack: 0x000000c54cb00000,0x000000c54cc00000] [id=23472]
  0x0000021c7fd2b800 ConcurrentGCThread "G1 Main Marker" [stack: 0x000000c54b400000,0x000000c54b500000] [id=17624]
  0x0000021c7fd2d800 ConcurrentGCThread "G1 Conc#0" [stack: 0x000000c54b500000,0x000000c54b600000] [id=9224]
  0x0000021c1feb0000 ConcurrentGCThread "G1 Conc#1" [stack: 0x000000c54d500000,0x000000c54d600000] [id=22548]
  0x0000021c1d1ec800 ConcurrentGCThread "G1 Refine#0" [stack: 0x000000c54b600000,0x000000c54b700000] [id=9092]
  0x0000021c1fe47800 ConcurrentGCThread "G1 Refine#1" [stack: 0x000000c54c600000,0x000000c54c700000] [id=24540]
  0x0000021c7fdcd800 ConcurrentGCThread "G1 Young RemSet Sampling" [stack: 0x000000c54b700000,0x000000c54b800000] [id=19952]
  0x0000021c1d1f3000 ConcurrentGCThread "StrDedup" [stack: 0x000000c54b800000,0x000000c54b900000] [id=16960]

Threads with active compile tasks:

VM state:not at safepoint (normal execution)

VM Mutex/Monitor currently owned by a thread: None

Heap address: 0x00000000c0000000, size: 1024 MB, Compressed Oops mode: 32-bit
Narrow klass base: 0x0000000000000000, Narrow klass shift: 3
Compressed class space size: 1073741824 Address: 0x0000000100000000

Heap:
 garbage-first heap   total 260096K, used 68106K [0x00000000c0000000, 0x0000000100000000)
  region size 1024K, 40 young (40960K), 11 survivors (11264K)
 Metaspace       used 53271K, capacity 55650K, committed 55708K, reserved 1099776K
  class space    used 5291K, capacity 6130K, committed 6144K, reserved 1048576K
Heap Regions: E=young(eden), S=young(survivor), O=old, HS=humongous(starts), HC=humongous(continues), CS=collection set, F=free, A=archive, TAMS=top-at-mark-start (previous, next)
|   0|0x00000000c0000000, 0x00000000c0100000, 0x00000000c0100000|100%| O|  |TAMS 0x00000000c0100000, 0x00000000c0000000| Untracked 
|   1|0x00000000c0100000, 0x00000000c0200000, 0x00000000c0200000|100%| O|  |TAMS 0x00000000c0200000, 0x00000000c0100000| Untracked 
|   2|0x00000000c0200000, 0x00000000c0300000, 0x00000000c0300000|100%| O|  |TAMS 0x00000000c0300000, 0x00000000c0200000| Untracked 
|   3|0x00000000c0300000, 0x00000000c0400000, 0x00000000c0400000|100%| O|  |TAMS 0x00000000c0400000, 0x00000000c0300000| Untracked 
|   4|0x00000000c0400000, 0x00000000c0500000, 0x00000000c0500000|100%| O|  |TAMS 0x00000000c0500000, 0x00000000c0400000| Untracked 
|   5|0x00000000c0500000, 0x00000000c0600000, 0x00000000c0600000|100%| O|  |TAMS 0x00000000c0600000, 0x00000000c0500000| Untracked 
|   6|0x00000000c0600000, 0x00000000c0700000, 0x00000000c0700000|100%| O|  |TAMS 0x00000000c0700000, 0x00000000c0600000| Untracked 
|   7|0x00000000c0700000, 0x00000000c0800000, 0x00000000c0800000|100%| O|  |TAMS 0x00000000c0800000, 0x00000000c0700000| Untracked 
|   8|0x00000000c0800000, 0x00000000c0900000, 0x00000000c0900000|100%| O|  |TAMS 0x00000000c0900000, 0x00000000c0800000| Untracked 
|   9|0x00000000c0900000, 0x00000000c0a00000, 0x00000000c0a00000|100%| O|  |TAMS 0x00000000c0a00000, 0x00000000c0900000| Untracked 
|  10|0x00000000c0a00000, 0x00000000c0b00000, 0x00000000c0b00000|100%| O|  |TAMS 0x00000000c0b00000, 0x00000000c0a00000| Untracked 
|  11|0x00000000c0b00000, 0x00000000c0c00000, 0x00000000c0c00000|100%| O|  |TAMS 0x00000000c0c00000, 0x00000000c0b00000| Untracked 
|  12|0x00000000c0c00000, 0x00000000c0d00000, 0x00000000c0d00000|100%| O|  |TAMS 0x00000000c0c29e00, 0x00000000c0c00000| Untracked 
|  13|0x00000000c0d00000, 0x00000000c0e00000, 0x00000000c0e00000|100%|HS|  |TAMS 0x00000000c0d00000, 0x00000000c0d00000| Complete 
|  14|0x00000000c0e00000, 0x00000000c0f00000, 0x00000000c0f00000|100%|HS|  |TAMS 0x00000000c0e00000, 0x00000000c0e00000| Complete 
|  15|0x00000000c0f00000, 0x00000000c1000000, 0x00000000c1000000|100%|HC|  |TAMS 0x00000000c0f00000, 0x00000000c0f00000| Complete 
|  16|0x00000000c1000000, 0x00000000c1100000, 0x00000000c1100000|100%|HS|  |TAMS 0x00000000c1000000, 0x00000000c1000000| Complete 
|  17|0x00000000c1100000, 0x00000000c1200000, 0x00000000c1200000|100%|HC|  |TAMS 0x00000000c1100000, 0x00000000c1100000| Complete 
|  18|0x00000000c1200000, 0x00000000c1300000, 0x00000000c1300000|100%|HS|  |TAMS 0x00000000c1200000, 0x00000000c1200000| Complete 
|  19|0x00000000c1300000, 0x00000000c1400000, 0x00000000c1400000|100%|HC|  |TAMS 0x00000000c1300000, 0x00000000c1300000| Complete 
|  20|0x00000000c1400000, 0x00000000c1500000, 0x00000000c1500000|100%|HS|  |TAMS 0x00000000c1400000, 0x00000000c1400000| Complete 
|  21|0x00000000c1500000, 0x00000000c1600000, 0x00000000c1600000|100%|HC|  |TAMS 0x00000000c1500000, 0x00000000c1500000| Complete 
|  22|0x00000000c1600000, 0x00000000c1700000, 0x00000000c1700000|100%| O|  |TAMS 0x00000000c1600000, 0x00000000c1600000| Untracked 
|  23|0x00000000c1700000, 0x00000000c1800000, 0x00000000c1800000|100%| O|  |TAMS 0x00000000c1700000, 0x00000000c1700000| Untracked 
|  24|0x00000000c1800000, 0x00000000c1900000, 0x00000000c1900000|100%| O|  |TAMS 0x00000000c1800000, 0x00000000c1800000| Untracked 
|  25|0x00000000c1900000, 0x00000000c1a00000, 0x00000000c1a00000|100%| O|  |TAMS 0x00000000c1900000, 0x00000000c1900000| Untracked 
|  26|0x00000000c1a00000, 0x00000000c1a82800, 0x00000000c1b00000| 50%| O|  |TAMS 0x00000000c1a00000, 0x00000000c1a00000| Untracked 
|  27|0x00000000c1b00000, 0x00000000c1c00000, 0x00000000c1c00000|100%|HS|  |TAMS 0x00000000c1b00000, 0x00000000c1b00000| Complete 
|  28|0x00000000c1c00000, 0x00000000c1d00000, 0x00000000c1d00000|100%|HC|  |TAMS 0x00000000c1c00000, 0x00000000c1c00000| Complete 
|  29|0x00000000c1d00000, 0x00000000c1d00000, 0x00000000c1e00000|  0%| F|  |TAMS 0x00000000c1d00000, 0x00000000c1d00000| Untracked 
|  30|0x00000000c1e00000, 0x00000000c1e00000, 0x00000000c1f00000|  0%| F|  |TAMS 0x00000000c1e00000, 0x00000000c1e00000| Untracked 
|  31|0x00000000c1f00000, 0x00000000c1f00000, 0x00000000c2000000|  0%| F|  |TAMS 0x00000000c1f00000, 0x00000000c1f00000| Untracked 
|  32|0x00000000c2000000, 0x00000000c2000000, 0x00000000c2100000|  0%| F|  |TAMS 0x00000000c2000000, 0x00000000c2000000| Untracked 
|  33|0x00000000c2100000, 0x00000000c2100000, 0x00000000c2200000|  0%| F|  |TAMS 0x00000000c2100000, 0x00000000c2100000| Untracked 
|  34|0x00000000c2200000, 0x00000000c2200000, 0x00000000c2300000|  0%| F|  |TAMS 0x00000000c2200000, 0x00000000c2200000| Untracked 
|  35|0x00000000c2300000, 0x00000000c2300000, 0x00000000c2400000|  0%| F|  |TAMS 0x00000000c2300000, 0x00000000c2300000| Untracked 
|  36|0x00000000c2400000, 0x00000000c2400000, 0x00000000c2500000|  0%| F|  |TAMS 0x00000000c2400000, 0x00000000c2400000| Untracked 
|  37|0x00000000c2500000, 0x00000000c2500000, 0x00000000c2600000|  0%| F|  |TAMS 0x00000000c2500000, 0x00000000c2500000| Untracked 
|  38|0x00000000c2600000, 0x00000000c2600000, 0x00000000c2700000|  0%| F|  |TAMS 0x00000000c2600000, 0x00000000c2600000| Untracked 
|  39|0x00000000c2700000, 0x00000000c2700000, 0x00000000c2800000|  0%| F|  |TAMS 0x00000000c2700000, 0x00000000c2700000| Untracked 
|  40|0x00000000c2800000, 0x00000000c2800000, 0x00000000c2900000|  0%| F|  |TAMS 0x00000000c2800000, 0x00000000c2800000| Untracked 
|  41|0x00000000c2900000, 0x00000000c2900000, 0x00000000c2a00000|  0%| F|  |TAMS 0x00000000c2900000, 0x00000000c2900000| Untracked 
|  42|0x00000000c2a00000, 0x00000000c2a00000, 0x00000000c2b00000|  0%| F|  |TAMS 0x00000000c2a00000, 0x00000000c2a00000| Untracked 
|  43|0x00000000c2b00000, 0x00000000c2b00000, 0x00000000c2c00000|  0%| F|  |TAMS 0x00000000c2b00000, 0x00000000c2b00000| Untracked 
|  44|0x00000000c2c00000, 0x00000000c2c00000, 0x00000000c2d00000|  0%| F|  |TAMS 0x00000000c2c00000, 0x00000000c2c00000| Untracked 
|  45|0x00000000c2d00000, 0x00000000c2d00000, 0x00000000c2e00000|  0%| F|  |TAMS 0x00000000c2d00000, 0x00000000c2d00000| Untracked 
|  46|0x00000000c2e00000, 0x00000000c2e00000, 0x00000000c2f00000|  0%| F|  |TAMS 0x00000000c2e00000, 0x00000000c2e00000| Untracked 
|  47|0x00000000c2f00000, 0x00000000c2f00000, 0x00000000c3000000|  0%| F|  |TAMS 0x00000000c2f00000, 0x00000000c2f00000| Untracked 
|  48|0x00000000c3000000, 0x00000000c3000000, 0x00000000c3100000|  0%| F|  |TAMS 0x00000000c3000000, 0x00000000c3000000| Untracked 
|  49|0x00000000c3100000, 0x00000000c3100000, 0x00000000c3200000|  0%| F|  |TAMS 0x00000000c3100000, 0x00000000c3100000| Untracked 
|  50|0x00000000c3200000, 0x00000000c3200000, 0x00000000c3300000|  0%| F|  |TAMS 0x00000000c3200000, 0x00000000c3200000| Untracked 
|  51|0x00000000c3300000, 0x00000000c3300000, 0x00000000c3400000|  0%| F|  |TAMS 0x00000000c3300000, 0x00000000c3300000| Untracked 
|  52|0x00000000c3400000, 0x00000000c3400000, 0x00000000c3500000|  0%| F|  |TAMS 0x00000000c3400000, 0x00000000c3400000| Untracked 
|  53|0x00000000c3500000, 0x00000000c3500000, 0x00000000c3600000|  0%| F|  |TAMS 0x00000000c3500000, 0x00000000c3500000| Untracked 
|  54|0x00000000c3600000, 0x00000000c3600000, 0x00000000c3700000|  0%| F|  |TAMS 0x00000000c3600000, 0x00000000c3600000| Untracked 
|  55|0x00000000c3700000, 0x00000000c3700000, 0x00000000c3800000|  0%| F|  |TAMS 0x00000000c3700000, 0x00000000c3700000| Untracked 
|  56|0x00000000c3800000, 0x00000000c3800000, 0x00000000c3900000|  0%| F|  |TAMS 0x00000000c3800000, 0x00000000c3800000| Untracked 
|  57|0x00000000c3900000, 0x00000000c3900000, 0x00000000c3a00000|  0%| F|  |TAMS 0x00000000c3900000, 0x00000000c3900000| Untracked 
|  58|0x00000000c3a00000, 0x00000000c3a00000, 0x00000000c3b00000|  0%| F|  |TAMS 0x00000000c3a00000, 0x00000000c3a00000| Untracked 
|  59|0x00000000c3b00000, 0x00000000c3b00000, 0x00000000c3c00000|  0%| F|  |TAMS 0x00000000c3b00000, 0x00000000c3b00000| Untracked 
|  60|0x00000000c3c00000, 0x00000000c3c00000, 0x00000000c3d00000|  0%| F|  |TAMS 0x00000000c3c00000, 0x00000000c3c00000| Untracked 
|  61|0x00000000c3d00000, 0x00000000c3d00000, 0x00000000c3e00000|  0%| F|  |TAMS 0x00000000c3d00000, 0x00000000c3d00000| Untracked 
|  62|0x00000000c3e00000, 0x00000000c3e00000, 0x00000000c3f00000|  0%| F|  |TAMS 0x00000000c3e00000, 0x00000000c3e00000| Untracked 
|  63|0x00000000c3f00000, 0x00000000c3f00000, 0x00000000c4000000|  0%| F|  |TAMS 0x00000000c3f00000, 0x00000000c3f00000| Untracked 
|  64|0x00000000c4000000, 0x00000000c4000000, 0x00000000c4100000|  0%| F|  |TAMS 0x00000000c4000000, 0x00000000c4000000| Untracked 
|  65|0x00000000c4100000, 0x00000000c4100000, 0x00000000c4200000|  0%| F|  |TAMS 0x00000000c4100000, 0x00000000c4100000| Untracked 
|  66|0x00000000c4200000, 0x00000000c4200000, 0x00000000c4300000|  0%| F|  |TAMS 0x00000000c4200000, 0x00000000c4200000| Untracked 
|  67|0x00000000c4300000, 0x00000000c4300000, 0x00000000c4400000|  0%| F|  |TAMS 0x00000000c4300000, 0x00000000c4300000| Untracked 
|  68|0x00000000c4400000, 0x00000000c4400000, 0x00000000c4500000|  0%| F|  |TAMS 0x00000000c4400000, 0x00000000c4400000| Untracked 
|  69|0x00000000c4500000, 0x00000000c4500000, 0x00000000c4600000|  0%| F|  |TAMS 0x00000000c4500000, 0x00000000c4500000| Untracked 
|  70|0x00000000c4600000, 0x00000000c4600000, 0x00000000c4700000|  0%| F|  |TAMS 0x00000000c4600000, 0x00000000c4600000| Untracked 
|  71|0x00000000c4700000, 0x00000000c4700000, 0x00000000c4800000|  0%| F|  |TAMS 0x00000000c4700000, 0x00000000c4700000| Untracked 
|  72|0x00000000c4800000, 0x00000000c4800000, 0x00000000c4900000|  0%| F|  |TAMS 0x00000000c4800000, 0x00000000c4800000| Untracked 
|  73|0x00000000c4900000, 0x00000000c4900000, 0x00000000c4a00000|  0%| F|  |TAMS 0x00000000c4900000, 0x00000000c4900000| Untracked 
|  74|0x00000000c4a00000, 0x00000000c4a00000, 0x00000000c4b00000|  0%| F|  |TAMS 0x00000000c4a00000, 0x00000000c4a00000| Untracked 
|  75|0x00000000c4b00000, 0x00000000c4b00000, 0x00000000c4c00000|  0%| F|  |TAMS 0x00000000c4b00000, 0x00000000c4b00000| Untracked 
|  76|0x00000000c4c00000, 0x00000000c4c00000, 0x00000000c4d00000|  0%| F|  |TAMS 0x00000000c4c00000, 0x00000000c4c00000| Untracked 
|  77|0x00000000c4d00000, 0x00000000c4d00000, 0x00000000c4e00000|  0%| F|  |TAMS 0x00000000c4d00000, 0x00000000c4d00000| Untracked 
|  78|0x00000000c4e00000, 0x00000000c4e00000, 0x00000000c4f00000|  0%| F|  |TAMS 0x00000000c4e00000, 0x00000000c4e00000| Untracked 
|  79|0x00000000c4f00000, 0x00000000c4f00000, 0x00000000c5000000|  0%| F|  |TAMS 0x00000000c4f00000, 0x00000000c4f00000| Untracked 
|  80|0x00000000c5000000, 0x00000000c5000000, 0x00000000c5100000|  0%| F|  |TAMS 0x00000000c5000000, 0x00000000c5000000| Untracked 
|  81|0x00000000c5100000, 0x00000000c5100000, 0x00000000c5200000|  0%| F|  |TAMS 0x00000000c5100000, 0x00000000c5100000| Untracked 
|  82|0x00000000c5200000, 0x00000000c5200000, 0x00000000c5300000|  0%| F|  |TAMS 0x00000000c5200000, 0x00000000c5200000| Untracked 
|  83|0x00000000c5300000, 0x00000000c5300000, 0x00000000c5400000|  0%| F|  |TAMS 0x00000000c5300000, 0x00000000c5300000| Untracked 
|  84|0x00000000c5400000, 0x00000000c5400000, 0x00000000c5500000|  0%| F|  |TAMS 0x00000000c5400000, 0x00000000c5400000| Untracked 
|  85|0x00000000c5500000, 0x00000000c5500000, 0x00000000c5600000|  0%| F|  |TAMS 0x00000000c5500000, 0x00000000c5500000| Untracked 
|  86|0x00000000c5600000, 0x00000000c5600000, 0x00000000c5700000|  0%| F|  |TAMS 0x00000000c5600000, 0x00000000c5600000| Untracked 
|  87|0x00000000c5700000, 0x00000000c5700000, 0x00000000c5800000|  0%| F|  |TAMS 0x00000000c5700000, 0x00000000c5700000| Untracked 
|  88|0x00000000c5800000, 0x00000000c5800000, 0x00000000c5900000|  0%| F|  |TAMS 0x00000000c5800000, 0x00000000c5800000| Untracked 
|  89|0x00000000c5900000, 0x00000000c5900000, 0x00000000c5a00000|  0%| F|  |TAMS 0x00000000c5900000, 0x00000000c5900000| Untracked 
|  90|0x00000000c5a00000, 0x00000000c5a00000, 0x00000000c5b00000|  0%| F|  |TAMS 0x00000000c5a00000, 0x00000000c5a00000| Untracked 
|  91|0x00000000c5b00000, 0x00000000c5b00000, 0x00000000c5c00000|  0%| F|  |TAMS 0x00000000c5b00000, 0x00000000c5b00000| Untracked 
|  92|0x00000000c5c00000, 0x00000000c5c00000, 0x00000000c5d00000|  0%| F|  |TAMS 0x00000000c5c00000, 0x00000000c5c00000| Untracked 
|  93|0x00000000c5d00000, 0x00000000c5d00000, 0x00000000c5e00000|  0%| F|  |TAMS 0x00000000c5d00000, 0x00000000c5d00000| Untracked 
|  94|0x00000000c5e00000, 0x00000000c5e00000, 0x00000000c5f00000|  0%| F|  |TAMS 0x00000000c5e00000, 0x00000000c5e00000| Untracked 
|  95|0x00000000c5f00000, 0x00000000c5f00000, 0x00000000c6000000|  0%| F|  |TAMS 0x00000000c5f00000, 0x00000000c5f00000| Untracked 
|  96|0x00000000c6000000, 0x00000000c6000000, 0x00000000c6100000|  0%| F|  |TAMS 0x00000000c6000000, 0x00000000c6000000| Untracked 
|  97|0x00000000c6100000, 0x00000000c6100000, 0x00000000c6200000|  0%| F|  |TAMS 0x00000000c6100000, 0x00000000c6100000| Untracked 
|  98|0x00000000c6200000, 0x00000000c6200000, 0x00000000c6300000|  0%| F|  |TAMS 0x00000000c6200000, 0x00000000c6200000| Untracked 
|  99|0x00000000c6300000, 0x00000000c6300000, 0x00000000c6400000|  0%| F|  |TAMS 0x00000000c6300000, 0x00000000c6300000| Untracked 
| 100|0x00000000c6400000, 0x00000000c6400000, 0x00000000c6500000|  0%| F|  |TAMS 0x00000000c6400000, 0x00000000c6400000| Untracked 
| 101|0x00000000c6500000, 0x00000000c6500000, 0x00000000c6600000|  0%| F|  |TAMS 0x00000000c6500000, 0x00000000c6500000| Untracked 
| 102|0x00000000c6600000, 0x00000000c6600000, 0x00000000c6700000|  0%| F|  |TAMS 0x00000000c6600000, 0x00000000c6600000| Untracked 
| 103|0x00000000c6700000, 0x00000000c6700000, 0x00000000c6800000|  0%| F|  |TAMS 0x00000000c6700000, 0x00000000c6700000| Untracked 
| 104|0x00000000c6800000, 0x00000000c6800000, 0x00000000c6900000|  0%| F|  |TAMS 0x00000000c6800000, 0x00000000c6800000| Untracked 
| 105|0x00000000c6900000, 0x00000000c6900000, 0x00000000c6a00000|  0%| F|  |TAMS 0x00000000c6900000, 0x00000000c6900000| Untracked 
| 106|0x00000000c6a00000, 0x00000000c6a00000, 0x00000000c6b00000|  0%| F|  |TAMS 0x00000000c6a00000, 0x00000000c6a00000| Untracked 
| 107|0x00000000c6b00000, 0x00000000c6b00000, 0x00000000c6c00000|  0%| F|  |TAMS 0x00000000c6b00000, 0x00000000c6b00000| Untracked 
| 108|0x00000000c6c00000, 0x00000000c6c00000, 0x00000000c6d00000|  0%| F|  |TAMS 0x00000000c6c00000, 0x00000000c6c00000| Untracked 
| 109|0x00000000c6d00000, 0x00000000c6d00000, 0x00000000c6e00000|  0%| F|  |TAMS 0x00000000c6d00000, 0x00000000c6d00000| Untracked 
| 110|0x00000000c6e00000, 0x00000000c6e00000, 0x00000000c6f00000|  0%| F|  |TAMS 0x00000000c6e00000, 0x00000000c6e00000| Untracked 
| 111|0x00000000c6f00000, 0x00000000c6f00000, 0x00000000c7000000|  0%| F|  |TAMS 0x00000000c6f00000, 0x00000000c6f00000| Untracked 
| 112|0x00000000c7000000, 0x00000000c7000000, 0x00000000c7100000|  0%| F|  |TAMS 0x00000000c7000000, 0x00000000c7000000| Untracked 
| 113|0x00000000c7100000, 0x00000000c7100000, 0x00000000c7200000|  0%| F|  |TAMS 0x00000000c7100000, 0x00000000c7100000| Untracked 
| 114|0x00000000c7200000, 0x00000000c7200000, 0x00000000c7300000|  0%| F|  |TAMS 0x00000000c7200000, 0x00000000c7200000| Untracked 
| 115|0x00000000c7300000, 0x00000000c7300000, 0x00000000c7400000|  0%| F|  |TAMS 0x00000000c7300000, 0x00000000c7300000| Untracked 
| 116|0x00000000c7400000, 0x00000000c7400000, 0x00000000c7500000|  0%| F|  |TAMS 0x00000000c7400000, 0x00000000c7400000| Untracked 
| 117|0x00000000c7500000, 0x00000000c7500000, 0x00000000c7600000|  0%| F|  |TAMS 0x00000000c7500000, 0x00000000c7500000| Untracked 
| 118|0x00000000c7600000, 0x00000000c7600000, 0x00000000c7700000|  0%| F|  |TAMS 0x00000000c7600000, 0x00000000c7600000| Untracked 
| 119|0x00000000c7700000, 0x00000000c7700000, 0x00000000c7800000|  0%| F|  |TAMS 0x00000000c7700000, 0x00000000c7700000| Untracked 
| 120|0x00000000c7800000, 0x00000000c7800000, 0x00000000c7900000|  0%| F|  |TAMS 0x00000000c7800000, 0x00000000c7800000| Untracked 
| 121|0x00000000c7900000, 0x00000000c7900000, 0x00000000c7a00000|  0%| F|  |TAMS 0x00000000c7900000, 0x00000000c7900000| Untracked 
| 122|0x00000000c7a00000, 0x00000000c7a00000, 0x00000000c7b00000|  0%| F|  |TAMS 0x00000000c7a00000, 0x00000000c7a00000| Untracked 
| 123|0x00000000c7b00000, 0x00000000c7b00000, 0x00000000c7c00000|  0%| F|  |TAMS 0x00000000c7b00000, 0x00000000c7b00000| Untracked 
| 124|0x00000000c7c00000, 0x00000000c7c00000, 0x00000000c7d00000|  0%| F|  |TAMS 0x00000000c7c00000, 0x00000000c7c00000| Untracked 
| 125|0x00000000c7d00000, 0x00000000c7d00000, 0x00000000c7e00000|  0%| F|  |TAMS 0x00000000c7d00000, 0x00000000c7d00000| Untracked 
| 126|0x00000000c7e00000, 0x00000000c7e00000, 0x00000000c7f00000|  0%| F|  |TAMS 0x00000000c7e00000, 0x00000000c7e00000| Untracked 
| 127|0x00000000c7f00000, 0x00000000c7f00000, 0x00000000c8000000|  0%| F|  |TAMS 0x00000000c7f00000, 0x00000000c7f00000| Untracked 
| 128|0x00000000c8000000, 0x00000000c8000000, 0x00000000c8100000|  0%| F|  |TAMS 0x00000000c8000000, 0x00000000c8000000| Untracked 
| 129|0x00000000c8100000, 0x00000000c8100000, 0x00000000c8200000|  0%| F|  |TAMS 0x00000000c8100000, 0x00000000c8100000| Untracked 
| 130|0x00000000c8200000, 0x00000000c8200000, 0x00000000c8300000|  0%| F|  |TAMS 0x00000000c8200000, 0x00000000c8200000| Untracked 
| 131|0x00000000c8300000, 0x00000000c8300000, 0x00000000c8400000|  0%| F|  |TAMS 0x00000000c8300000, 0x00000000c8300000| Untracked 
| 132|0x00000000c8400000, 0x00000000c8400000, 0x00000000c8500000|  0%| F|  |TAMS 0x00000000c8400000, 0x00000000c8400000| Untracked 
| 133|0x00000000c8500000, 0x00000000c8500000, 0x00000000c8600000|  0%| F|  |TAMS 0x00000000c8500000, 0x00000000c8500000| Untracked 
| 134|0x00000000c8600000, 0x00000000c8600000, 0x00000000c8700000|  0%| F|  |TAMS 0x00000000c8600000, 0x00000000c8600000| Untracked 
| 135|0x00000000c8700000, 0x00000000c8700000, 0x00000000c8800000|  0%| F|  |TAMS 0x00000000c8700000, 0x00000000c8700000| Untracked 
| 136|0x00000000c8800000, 0x00000000c8800000, 0x00000000c8900000|  0%| F|  |TAMS 0x00000000c8800000, 0x00000000c8800000| Untracked 
| 137|0x00000000c8900000, 0x00000000c8900000, 0x00000000c8a00000|  0%| F|  |TAMS 0x00000000c8900000, 0x00000000c8900000| Untracked 
| 138|0x00000000c8a00000, 0x00000000c8a00000, 0x00000000c8b00000|  0%| F|  |TAMS 0x00000000c8a00000, 0x00000000c8a00000| Untracked 
| 139|0x00000000c8b00000, 0x00000000c8b00000, 0x00000000c8c00000|  0%| F|  |TAMS 0x00000000c8b00000, 0x00000000c8b00000| Untracked 
| 140|0x00000000c8c00000, 0x00000000c8c00000, 0x00000000c8d00000|  0%| F|  |TAMS 0x00000000c8c00000, 0x00000000c8c00000| Untracked 
| 141|0x00000000c8d00000, 0x00000000c8d00000, 0x00000000c8e00000|  0%| F|  |TAMS 0x00000000c8d00000, 0x00000000c8d00000| Untracked 
| 142|0x00000000c8e00000, 0x00000000c8e00000, 0x00000000c8f00000|  0%| F|  |TAMS 0x00000000c8e00000, 0x00000000c8e00000| Untracked 
| 143|0x00000000c8f00000, 0x00000000c8f00000, 0x00000000c9000000|  0%| F|  |TAMS 0x00000000c8f00000, 0x00000000c8f00000| Untracked 
| 144|0x00000000c9000000, 0x00000000c9000000, 0x00000000c9100000|  0%| F|  |TAMS 0x00000000c9000000, 0x00000000c9000000| Untracked 
| 145|0x00000000c9100000, 0x00000000c9100000, 0x00000000c9200000|  0%| F|  |TAMS 0x00000000c9100000, 0x00000000c9100000| Untracked 
| 146|0x00000000c9200000, 0x00000000c9200000, 0x00000000c9300000|  0%| F|  |TAMS 0x00000000c9200000, 0x00000000c9200000| Untracked 
| 147|0x00000000c9300000, 0x00000000c9300000, 0x00000000c9400000|  0%| F|  |TAMS 0x00000000c9300000, 0x00000000c9300000| Untracked 
| 148|0x00000000c9400000, 0x00000000c9400000, 0x00000000c9500000|  0%| F|  |TAMS 0x00000000c9400000, 0x00000000c9400000| Untracked 
| 149|0x00000000c9500000, 0x00000000c9500000, 0x00000000c9600000|  0%| F|  |TAMS 0x00000000c9500000, 0x00000000c9500000| Untracked 
| 150|0x00000000c9600000, 0x00000000c9600000, 0x00000000c9700000|  0%| F|  |TAMS 0x00000000c9600000, 0x00000000c9600000| Untracked 
| 151|0x00000000c9700000, 0x00000000c9700000, 0x00000000c9800000|  0%| F|  |TAMS 0x00000000c9700000, 0x00000000c9700000| Untracked 
| 152|0x00000000c9800000, 0x00000000c9800000, 0x00000000c9900000|  0%| F|  |TAMS 0x00000000c9800000, 0x00000000c9800000| Untracked 
| 153|0x00000000c9900000, 0x00000000c9900000, 0x00000000c9a00000|  0%| F|  |TAMS 0x00000000c9900000, 0x00000000c9900000| Untracked 
| 154|0x00000000c9a00000, 0x00000000c9a00000, 0x00000000c9b00000|  0%| F|  |TAMS 0x00000000c9a00000, 0x00000000c9a00000| Untracked 
| 155|0x00000000c9b00000, 0x00000000c9c00000, 0x00000000c9c00000|100%| S|CS|TAMS 0x00000000c9b00000, 0x00000000c9b00000| Complete 
| 156|0x00000000c9c00000, 0x00000000c9d00000, 0x00000000c9d00000|100%| S|CS|TAMS 0x00000000c9c00000, 0x00000000c9c00000| Complete 
| 157|0x00000000c9d00000, 0x00000000c9e00000, 0x00000000c9e00000|100%| S|CS|TAMS 0x00000000c9d00000, 0x00000000c9d00000| Complete 
| 158|0x00000000c9e00000, 0x00000000c9f00000, 0x00000000c9f00000|100%| S|CS|TAMS 0x00000000c9e00000, 0x00000000c9e00000| Complete 
| 159|0x00000000c9f00000, 0x00000000ca000000, 0x00000000ca000000|100%| S|CS|TAMS 0x00000000c9f00000, 0x00000000c9f00000| Complete 
| 160|0x00000000ca000000, 0x00000000ca100000, 0x00000000ca100000|100%| S|CS|TAMS 0x00000000ca000000, 0x00000000ca000000| Complete 
| 161|0x00000000ca100000, 0x00000000ca200000, 0x00000000ca200000|100%| S|CS|TAMS 0x00000000ca100000, 0x00000000ca100000| Complete 
| 162|0x00000000ca200000, 0x00000000ca300000, 0x00000000ca300000|100%| S|CS|TAMS 0x00000000ca200000, 0x00000000ca200000| Complete 
| 163|0x00000000ca300000, 0x00000000ca400000, 0x00000000ca400000|100%| S|CS|TAMS 0x00000000ca300000, 0x00000000ca300000| Complete 
| 164|0x00000000ca400000, 0x00000000ca500000, 0x00000000ca500000|100%| S|CS|TAMS 0x00000000ca400000, 0x00000000ca400000| Complete 
| 165|0x00000000ca500000, 0x00000000ca600000, 0x00000000ca600000|100%| S|CS|TAMS 0x00000000ca500000, 0x00000000ca500000| Complete 
| 166|0x00000000ca600000, 0x00000000ca600000, 0x00000000ca700000|  0%| F|  |TAMS 0x00000000ca600000, 0x00000000ca600000| Untracked 
| 167|0x00000000ca700000, 0x00000000ca700000, 0x00000000ca800000|  0%| F|  |TAMS 0x00000000ca700000, 0x00000000ca700000| Untracked 
| 168|0x00000000ca800000, 0x00000000ca800000, 0x00000000ca900000|  0%| F|  |TAMS 0x00000000ca800000, 0x00000000ca800000| Untracked 
| 169|0x00000000ca900000, 0x00000000ca900000, 0x00000000caa00000|  0%| F|  |TAMS 0x00000000ca900000, 0x00000000ca900000| Untracked 
| 170|0x00000000caa00000, 0x00000000caa00000, 0x00000000cab00000|  0%| F|  |TAMS 0x00000000caa00000, 0x00000000caa00000| Untracked 
| 171|0x00000000cab00000, 0x00000000cab00000, 0x00000000cac00000|  0%| F|  |TAMS 0x00000000cab00000, 0x00000000cab00000| Untracked 
| 172|0x00000000cac00000, 0x00000000cac00000, 0x00000000cad00000|  0%| F|  |TAMS 0x00000000cac00000, 0x00000000cac00000| Untracked 
| 173|0x00000000cad00000, 0x00000000cad00000, 0x00000000cae00000|  0%| F|  |TAMS 0x00000000cad00000, 0x00000000cad00000| Untracked 
| 174|0x00000000cae00000, 0x00000000cae00000, 0x00000000caf00000|  0%| F|  |TAMS 0x00000000cae00000, 0x00000000cae00000| Untracked 
| 175|0x00000000caf00000, 0x00000000caf00000, 0x00000000cb000000|  0%| F|  |TAMS 0x00000000caf00000, 0x00000000caf00000| Untracked 
| 176|0x00000000cb000000, 0x00000000cb000000, 0x00000000cb100000|  0%| F|  |TAMS 0x00000000cb000000, 0x00000000cb000000| Untracked 
| 177|0x00000000cb100000, 0x00000000cb100000, 0x00000000cb200000|  0%| F|  |TAMS 0x00000000cb100000, 0x00000000cb100000| Untracked 
| 178|0x00000000cb200000, 0x00000000cb200000, 0x00000000cb300000|  0%| F|  |TAMS 0x00000000cb200000, 0x00000000cb200000| Untracked 
| 179|0x00000000cb300000, 0x00000000cb300000, 0x00000000cb400000|  0%| F|  |TAMS 0x00000000cb300000, 0x00000000cb300000| Untracked 
| 180|0x00000000cb400000, 0x00000000cb400000, 0x00000000cb500000|  0%| F|  |TAMS 0x00000000cb400000, 0x00000000cb400000| Untracked 
| 181|0x00000000cb500000, 0x00000000cb500000, 0x00000000cb600000|  0%| F|  |TAMS 0x00000000cb500000, 0x00000000cb500000| Untracked 
| 182|0x00000000cb600000, 0x00000000cb600000, 0x00000000cb700000|  0%| F|  |TAMS 0x00000000cb600000, 0x00000000cb600000| Untracked 
| 183|0x00000000cb700000, 0x00000000cb700000, 0x00000000cb800000|  0%| F|  |TAMS 0x00000000cb700000, 0x00000000cb700000| Untracked 
| 184|0x00000000cb800000, 0x00000000cb800000, 0x00000000cb900000|  0%| F|  |TAMS 0x00000000cb800000, 0x00000000cb800000| Untracked 
| 185|0x00000000cb900000, 0x00000000cb900000, 0x00000000cba00000|  0%| F|  |TAMS 0x00000000cb900000, 0x00000000cb900000| Untracked 
| 186|0x00000000cba00000, 0x00000000cba00000, 0x00000000cbb00000|  0%| F|  |TAMS 0x00000000cba00000, 0x00000000cba00000| Untracked 
| 187|0x00000000cbb00000, 0x00000000cbb00000, 0x00000000cbc00000|  0%| F|  |TAMS 0x00000000cbb00000, 0x00000000cbb00000| Untracked 
| 188|0x00000000cbc00000, 0x00000000cbc00000, 0x00000000cbd00000|  0%| F|  |TAMS 0x00000000cbc00000, 0x00000000cbc00000| Untracked 
| 189|0x00000000cbd00000, 0x00000000cbd00000, 0x00000000cbe00000|  0%| F|  |TAMS 0x00000000cbd00000, 0x00000000cbd00000| Untracked 
| 190|0x00000000cbe00000, 0x00000000cbe00000, 0x00000000cbf00000|  0%| F|  |TAMS 0x00000000cbe00000, 0x00000000cbe00000| Untracked 
| 191|0x00000000cbf00000, 0x00000000cbf00000, 0x00000000cc000000|  0%| F|  |TAMS 0x00000000cbf00000, 0x00000000cbf00000| Untracked 
| 192|0x00000000cc000000, 0x00000000cc000000, 0x00000000cc100000|  0%| F|  |TAMS 0x00000000cc000000, 0x00000000cc000000| Untracked 
| 193|0x00000000cc100000, 0x00000000cc100000, 0x00000000cc200000|  0%| F|  |TAMS 0x00000000cc100000, 0x00000000cc100000| Untracked 
| 194|0x00000000cc200000, 0x00000000cc200000, 0x00000000cc300000|  0%| F|  |TAMS 0x00000000cc200000, 0x00000000cc200000| Untracked 
| 195|0x00000000cc300000, 0x00000000cc300000, 0x00000000cc400000|  0%| F|  |TAMS 0x00000000cc300000, 0x00000000cc300000| Untracked 
| 196|0x00000000cc400000, 0x00000000cc400000, 0x00000000cc500000|  0%| F|  |TAMS 0x00000000cc400000, 0x00000000cc400000| Untracked 
| 197|0x00000000cc500000, 0x00000000cc500000, 0x00000000cc600000|  0%| F|  |TAMS 0x00000000cc500000, 0x00000000cc500000| Untracked 
| 198|0x00000000cc600000, 0x00000000cc600000, 0x00000000cc700000|  0%| F|  |TAMS 0x00000000cc600000, 0x00000000cc600000| Untracked 
| 199|0x00000000cc700000, 0x00000000cc700000, 0x00000000cc800000|  0%| F|  |TAMS 0x00000000cc700000, 0x00000000cc700000| Untracked 
| 200|0x00000000cc800000, 0x00000000cc800000, 0x00000000cc900000|  0%| F|  |TAMS 0x00000000cc800000, 0x00000000cc800000| Untracked 
| 201|0x00000000cc900000, 0x00000000cc900000, 0x00000000cca00000|  0%| F|  |TAMS 0x00000000cc900000, 0x00000000cc900000| Untracked 
| 202|0x00000000cca00000, 0x00000000cca00000, 0x00000000ccb00000|  0%| F|  |TAMS 0x00000000cca00000, 0x00000000cca00000| Untracked 
| 203|0x00000000ccb00000, 0x00000000ccb00000, 0x00000000ccc00000|  0%| F|  |TAMS 0x00000000ccb00000, 0x00000000ccb00000| Untracked 
| 204|0x00000000ccc00000, 0x00000000ccc00000, 0x00000000ccd00000|  0%| F|  |TAMS 0x00000000ccc00000, 0x00000000ccc00000| Untracked 
| 205|0x00000000ccd00000, 0x00000000ccd00000, 0x00000000cce00000|  0%| F|  |TAMS 0x00000000ccd00000, 0x00000000ccd00000| Untracked 
| 206|0x00000000cce00000, 0x00000000cce00000, 0x00000000ccf00000|  0%| F|  |TAMS 0x00000000cce00000, 0x00000000cce00000| Untracked 
| 207|0x00000000ccf00000, 0x00000000ccf00000, 0x00000000cd000000|  0%| F|  |TAMS 0x00000000ccf00000, 0x00000000ccf00000| Untracked 
| 208|0x00000000cd000000, 0x00000000cd000000, 0x00000000cd100000|  0%| F|  |TAMS 0x00000000cd000000, 0x00000000cd000000| Untracked 
| 209|0x00000000cd100000, 0x00000000cd100000, 0x00000000cd200000|  0%| F|  |TAMS 0x00000000cd100000, 0x00000000cd100000| Untracked 
| 210|0x00000000cd200000, 0x00000000cd200000, 0x00000000cd300000|  0%| F|  |TAMS 0x00000000cd200000, 0x00000000cd200000| Untracked 
| 211|0x00000000cd300000, 0x00000000cd300000, 0x00000000cd400000|  0%| F|  |TAMS 0x00000000cd300000, 0x00000000cd300000| Untracked 
| 212|0x00000000cd400000, 0x00000000cd400000, 0x00000000cd500000|  0%| F|  |TAMS 0x00000000cd400000, 0x00000000cd400000| Untracked 
| 213|0x00000000cd500000, 0x00000000cd500000, 0x00000000cd600000|  0%| F|  |TAMS 0x00000000cd500000, 0x00000000cd500000| Untracked 
| 214|0x00000000cd600000, 0x00000000cd600000, 0x00000000cd700000|  0%| F|  |TAMS 0x00000000cd600000, 0x00000000cd600000| Untracked 
| 215|0x00000000cd700000, 0x00000000cd700000, 0x00000000cd800000|  0%| F|  |TAMS 0x00000000cd700000, 0x00000000cd700000| Untracked 
| 216|0x00000000cd800000, 0x00000000cd800000, 0x00000000cd900000|  0%| F|  |TAMS 0x00000000cd800000, 0x00000000cd800000| Untracked 
| 217|0x00000000cd900000, 0x00000000cd900000, 0x00000000cda00000|  0%| F|  |TAMS 0x00000000cd900000, 0x00000000cd900000| Untracked 
| 218|0x00000000cda00000, 0x00000000cda00000, 0x00000000cdb00000|  0%| F|  |TAMS 0x00000000cda00000, 0x00000000cda00000| Untracked 
| 219|0x00000000cdb00000, 0x00000000cdb00000, 0x00000000cdc00000|  0%| F|  |TAMS 0x00000000cdb00000, 0x00000000cdb00000| Untracked 
| 220|0x00000000cdc00000, 0x00000000cdc00000, 0x00000000cdd00000|  0%| F|  |TAMS 0x00000000cdc00000, 0x00000000cdc00000| Untracked 
| 221|0x00000000cdd00000, 0x00000000cdd00000, 0x00000000cde00000|  0%| F|  |TAMS 0x00000000cdd00000, 0x00000000cdd00000| Untracked 
| 222|0x00000000cde00000, 0x00000000cde00000, 0x00000000cdf00000|  0%| F|  |TAMS 0x00000000cde00000, 0x00000000cde00000| Untracked 
| 223|0x00000000cdf00000, 0x00000000cdf00000, 0x00000000ce000000|  0%| F|  |TAMS 0x00000000cdf00000, 0x00000000cdf00000| Untracked 
| 224|0x00000000ce000000, 0x00000000ce000000, 0x00000000ce100000|  0%| F|  |TAMS 0x00000000ce000000, 0x00000000ce000000| Untracked 
| 225|0x00000000ce100000, 0x00000000ce15acb0, 0x00000000ce200000| 35%| E|  |TAMS 0x00000000ce100000, 0x00000000ce100000| Complete 
| 226|0x00000000ce200000, 0x00000000ce300000, 0x00000000ce300000|100%| E|CS|TAMS 0x00000000ce200000, 0x00000000ce200000| Complete 
| 227|0x00000000ce300000, 0x00000000ce400000, 0x00000000ce400000|100%| E|CS|TAMS 0x00000000ce300000, 0x00000000ce300000| Complete 
| 228|0x00000000ce400000, 0x00000000ce500000, 0x00000000ce500000|100%| E|CS|TAMS 0x00000000ce400000, 0x00000000ce400000| Complete 
| 229|0x00000000ce500000, 0x00000000ce600000, 0x00000000ce600000|100%| E|CS|TAMS 0x00000000ce500000, 0x00000000ce500000| Complete 
| 230|0x00000000ce600000, 0x00000000ce700000, 0x00000000ce700000|100%| E|CS|TAMS 0x00000000ce600000, 0x00000000ce600000| Complete 
| 231|0x00000000ce700000, 0x00000000ce800000, 0x00000000ce800000|100%| E|CS|TAMS 0x00000000ce700000, 0x00000000ce700000| Complete 
| 232|0x00000000ce800000, 0x00000000ce900000, 0x00000000ce900000|100%| E|CS|TAMS 0x00000000ce800000, 0x00000000ce800000| Complete 
| 233|0x00000000ce900000, 0x00000000cea00000, 0x00000000cea00000|100%| E|CS|TAMS 0x00000000ce900000, 0x00000000ce900000| Complete 
| 234|0x00000000cea00000, 0x00000000ceb00000, 0x00000000ceb00000|100%| E|CS|TAMS 0x00000000cea00000, 0x00000000cea00000| Complete 
| 235|0x00000000ceb00000, 0x00000000cec00000, 0x00000000cec00000|100%| E|CS|TAMS 0x00000000ceb00000, 0x00000000ceb00000| Complete 
| 236|0x00000000cec00000, 0x00000000ced00000, 0x00000000ced00000|100%| E|CS|TAMS 0x00000000cec00000, 0x00000000cec00000| Complete 
| 237|0x00000000ced00000, 0x00000000cee00000, 0x00000000cee00000|100%| E|CS|TAMS 0x00000000ced00000, 0x00000000ced00000| Complete 
| 238|0x00000000cee00000, 0x00000000cef00000, 0x00000000cef00000|100%| E|CS|TAMS 0x00000000cee00000, 0x00000000cee00000| Complete 
| 239|0x00000000cef00000, 0x00000000cf000000, 0x00000000cf000000|100%| E|CS|TAMS 0x00000000cef00000, 0x00000000cef00000| Complete 
| 240|0x00000000cf000000, 0x00000000cf100000, 0x00000000cf100000|100%| E|CS|TAMS 0x00000000cf000000, 0x00000000cf000000| Complete 
| 241|0x00000000cf100000, 0x00000000cf200000, 0x00000000cf200000|100%| E|CS|TAMS 0x00000000cf100000, 0x00000000cf100000| Complete 
| 242|0x00000000cf200000, 0x00000000cf300000, 0x00000000cf300000|100%| E|CS|TAMS 0x00000000cf200000, 0x00000000cf200000| Complete 
| 243|0x00000000cf300000, 0x00000000cf400000, 0x00000000cf400000|100%| E|CS|TAMS 0x00000000cf300000, 0x00000000cf300000| Complete 
| 244|0x00000000cf400000, 0x00000000cf500000, 0x00000000cf500000|100%| E|CS|TAMS 0x00000000cf400000, 0x00000000cf400000| Complete 
| 245|0x00000000cf500000, 0x00000000cf600000, 0x00000000cf600000|100%| E|  |TAMS 0x00000000cf500000, 0x00000000cf500000| Complete 
| 246|0x00000000cf600000, 0x00000000cf700000, 0x00000000cf700000|100%| E|CS|TAMS 0x00000000cf600000, 0x00000000cf600000| Complete 
| 247|0x00000000cf700000, 0x00000000cf800000, 0x00000000cf800000|100%| E|CS|TAMS 0x00000000cf700000, 0x00000000cf700000| Complete 
| 248|0x00000000cf800000, 0x00000000cf900000, 0x00000000cf900000|100%| E|CS|TAMS 0x00000000cf800000, 0x00000000cf800000| Complete 
| 249|0x00000000cf900000, 0x00000000cfa00000, 0x00000000cfa00000|100%| E|CS|TAMS 0x00000000cf900000, 0x00000000cf900000| Complete 
| 250|0x00000000cfa00000, 0x00000000cfb00000, 0x00000000cfb00000|100%| E|CS|TAMS 0x00000000cfa00000, 0x00000000cfa00000| Complete 
| 251|0x00000000cfb00000, 0x00000000cfc00000, 0x00000000cfc00000|100%| E|CS|TAMS 0x00000000cfb00000, 0x00000000cfb00000| Complete 
| 252|0x00000000cfc00000, 0x00000000cfd00000, 0x00000000cfd00000|100%| E|CS|TAMS 0x00000000cfc00000, 0x00000000cfc00000| Complete 
| 253|0x00000000cfd00000, 0x00000000cfe00000, 0x00000000cfe00000|100%| E|CS|TAMS 0x00000000cfd00000, 0x00000000cfd00000| Complete 

Card table byte_map: [0x0000021c18840000,0x0000021c18a40000] _byte_map_base: 0x0000021c18240000

Marking Bits (Prev, Next): (CMBitMap*) 0x0000021c7fd24b48, (CMBitMap*) 0x0000021c7fd24b80
 Prev Bits: [0x0000021c18c40000, 0x0000021c19c40000)
 Next Bits: [0x0000021c19c40000, 0x0000021c1ac40000)

Polling page: 0x0000021c7f460000

Metaspace:

Usage:
  Non-class:     48.36 MB capacity,    46.86 MB ( 97%) used,     1.41 MB (  3%) free+waste,    93.50 KB ( <1%) overhead. 
      Class:      5.99 MB capacity,     5.17 MB ( 86%) used,   795.97 KB ( 13%) free+waste,    42.94 KB ( <1%) overhead. 
       Both:     54.35 MB capacity,    52.02 MB ( 96%) used,     2.19 MB (  4%) free+waste,   136.44 KB ( <1%) overhead. 

Virtual space:
  Non-class space:       50.00 MB reserved,      48.40 MB ( 97%) committed 
      Class space:        1.00 GB reserved,       6.00 MB ( <1%) committed 
             Both:        1.05 GB reserved,      54.40 MB (  5%) committed 

Chunk freelists:
   Non-Class:  0 bytes
       Class:  1.75 KB
        Both:  1.75 KB

CodeHeap 'non-profiled nmethods': size=120064Kb used=2199Kb max_used=2306Kb free=117864Kb
 bounds [0x0000021c11100000, 0x0000021c11370000, 0x0000021c18640000]
CodeHeap 'profiled nmethods': size=120000Kb used=11336Kb max_used=11336Kb free=108664Kb
 bounds [0x0000021c09bd0000, 0x0000021c0a710000, 0x0000021c11100000]
CodeHeap 'non-nmethods': size=5696Kb used=1245Kb max_used=1293Kb free=4450Kb
 bounds [0x0000021c09640000, 0x0000021c098b0000, 0x0000021c09bd0000]
 total_blobs=7373 nmethods=4855 adapters=540
 compilation: enabled
              stopped_count=0, restarted_count=0
 full_count=0

Compilation events (10 events):
Event: 673.210 Thread 0x0000021c1dc12800 nmethod 5633 0x0000021c11242610 code [0x0000021c112427c0, 0x0000021c112428d8]
Event: 673.210 Thread 0x0000021c1dc12800 5635       1       java.util.regex.Matcher::groupCount (10 bytes)
Event: 673.210 Thread 0x0000021c1dc12800 nmethod 5635 0x0000021c11259790 code [0x0000021c11259940, 0x0000021c11259a58]
Event: 673.210 Thread 0x0000021c1dc12800 5634       3       java.util.regex.Matcher::getSubSequence (12 bytes)
Event: 673.210 Thread 0x0000021c1dc12800 nmethod 5634 0x0000021c0a0e3690 code [0x0000021c0a0e3860, 0x0000021c0a0e3a90]
Event: 673.211 Thread 0x0000021c1dc12800 5636       3       org.eclipse.core.internal.registry.RegistryObjectManager::getHandles (235 bytes)
Event: 673.211 Thread 0x0000021c1d38b800 5637       4       java.lang.CharacterDataLatin1::digit (32 bytes)
Event: 673.212 Thread 0x0000021c1dc12800 nmethod 5636 0x0000021c0a223f10 code [0x0000021c0a224200, 0x0000021c0a2258f0]
Event: 673.212 Thread 0x0000021c1d38b800 nmethod 5637 0x0000021c11259310 code [0x0000021c112594a0, 0x0000021c11259578]
Event: 673.213 Thread 0x0000021c1d38b800 5638       4       jdk.internal.org.objectweb.asm.ByteVector::put12 (64 bytes)

GC Heap History (10 events):
Event: 1.841 GC heap before
{Heap before GC invocations=1 (full 0):
 garbage-first heap   total 260096K, used 17602K [0x00000000c0000000, 0x0000000100000000)
  region size 1024K, 16 young (16384K), 3 survivors (3072K)
 Metaspace       used 13566K, capacity 13823K, committed 13952K, reserved 1062912K
  class space    used 1238K, capacity 1306K, committed 1408K, reserved 1048576K
}
Event: 1.848 GC heap after
{Heap after GC invocations=2 (full 0):
 garbage-first heap   total 260096K, used 7996K [0x00000000c0000000, 0x0000000100000000)
  region size 1024K, 2 young (2048K), 2 survivors (2048K)
 Metaspace       used 13566K, capacity 13823K, committed 13952K, reserved 1062912K
  class space    used 1238K, capacity 1306K, committed 1408K, reserved 1048576K
}
Event: 2.558 GC heap before
{Heap before GC invocations=2 (full 0):
 garbage-first heap   total 260096K, used 31548K [0x00000000c0000000, 0x0000000100000000)
  region size 1024K, 27 young (27648K), 2 survivors (2048K)
 Metaspace       used 20432K, capacity 21141K, committed 21296K, reserved 1069056K
  class space    used 1865K, capacity 2125K, committed 2176K, reserved 1048576K
}
Event: 2.568 GC heap after
{Heap after GC invocations=3 (full 0):
 garbage-first heap   total 260096K, used 12610K [0x00000000c0000000, 0x0000000100000000)
  region size 1024K, 5 young (5120K), 5 survivors (5120K)
 Metaspace       used 20432K, capacity 21141K, committed 21296K, reserved 1069056K
  class space    used 1865K, capacity 2125K, committed 2176K, reserved 1048576K
}
Event: 3.217 GC heap before
{Heap before GC invocations=4 (full 0):
 garbage-first heap   total 260096K, used 53570K [0x00000000c0000000, 0x0000000100000000)
  region size 1024K, 46 young (47104K), 5 survivors (5120K)
 Metaspace       used 28359K, capacity 29502K, committed 29744K, reserved 1075200K
  class space    used 2724K, capacity 3106K, committed 3200K, reserved 1048576K
}
Event: 3.225 GC heap after
{Heap after GC invocations=5 (full 0):
 garbage-first heap   total 260096K, used 15507K [0x00000000c0000000, 0x0000000100000000)
  region size 1024K, 3 young (3072K), 3 survivors (3072K)
 Metaspace       used 28359K, capacity 29502K, committed 29744K, reserved 1075200K
  class space    used 2724K, capacity 3106K, committed 3200K, reserved 1048576K
}
Event: 3.898 GC heap before
{Heap before GC invocations=5 (full 0):
 garbage-first heap   total 260096K, used 65683K [0x00000000c0000000, 0x0000000100000000)
  region size 1024K, 53 young (54272K), 3 survivors (3072K)
 Metaspace       used 34376K, capacity 35861K, committed 35888K, reserved 1081344K
  class space    used 3443K, capacity 3955K, committed 3968K, reserved 1048576K
}
Event: 3.907 GC heap after
{Heap after GC invocations=6 (full 0):
 garbage-first heap   total 260096K, used 20911K [0x00000000c0000000, 0x0000000100000000)
  region size 1024K, 9 young (9216K), 9 survivors (9216K)
 Metaspace       used 34376K, capacity 35861K, committed 35888K, reserved 1081344K
  class space    used 3443K, capacity 3955K, committed 3968K, reserved 1048576K
}
Event: 670.442 GC heap before
{Heap before GC invocations=7 (full 0):
 garbage-first heap   total 260096K, used 109999K [0x00000000c0000000, 0x0000000100000000)
  region size 1024K, 88 young (90112K), 9 survivors (9216K)
 Metaspace       used 46028K, capacity 48259K, committed 48540K, reserved 1091584K
  class space    used 4697K, capacity 5569K, committed 5632K, reserved 1048576K
}
Event: 670.462 GC heap after
{Heap after GC invocations=8 (full 0):
 garbage-first heap   total 260096K, used 29194K [0x00000000c0000000, 0x0000000100000000)
  region size 1024K, 11 young (11264K), 11 survivors (11264K)
 Metaspace       used 46028K, capacity 48259K, committed 48540K, reserved 1091584K
  class space    used 4697K, capacity 5569K, committed 5632K, reserved 1048576K
}

Deoptimization events (10 events):
Event: 671.039 Thread 0x0000021c1feb8000 Uncommon trap: reason=unstable_if action=reinterpret pc=0x0000021c11300afc method=java.util.Hashtable$Enumerator.nextElement()Ljava/lang/Object; @ 87 c2
Event: 671.596 Thread 0x0000021c1feb2800 Uncommon trap: reason=null_check action=make_not_entrant pc=0x0000021c11338020 method=java.lang.ThreadLocal$ThreadLocalMap.getEntryAfterMiss(Ljava/lang/ThreadLocal;ILjava/lang/ThreadLocal$ThreadLocalMap$Entry;)Ljava/lang/ThreadLocal$ThreadLocalMap$Entry; 
Event: 673.065 Thread 0x0000021c1feb8000 Uncommon trap: reason=bimorphic_or_optimized_type_check action=maybe_recompile pc=0x0000021c112db070 method=java.util.concurrent.ConcurrentHashMap.putVal(Ljava/lang/Object;Ljava/lang/Object;Z)Ljava/lang/Object; @ 159 c2
Event: 673.065 Thread 0x0000021c1feb8000 Uncommon trap: reason=bimorphic_or_optimized_type_check action=maybe_recompile pc=0x0000021c112db070 method=java.util.concurrent.ConcurrentHashMap.putVal(Ljava/lang/Object;Ljava/lang/Object;Z)Ljava/lang/Object; @ 159 c2
Event: 673.067 Thread 0x0000021c1feb8000 Uncommon trap: reason=bimorphic_or_optimized_type_check action=maybe_recompile pc=0x0000021c112db070 method=java.util.concurrent.ConcurrentHashMap.putVal(Ljava/lang/Object;Ljava/lang/Object;Z)Ljava/lang/Object; @ 159 c2
Event: 673.164 Thread 0x0000021c21458000 Uncommon trap: reason=intrinsic_or_type_checked_inlining action=make_not_entrant pc=0x0000021c112268e0 method=java.util.ArrayList.toArray([Ljava/lang/Object;)[Ljava/lang/Object; @ 36 c2
Event: 673.164 Thread 0x0000021c21458000 Uncommon trap: reason=profile_predicate action=maybe_recompile pc=0x0000021c11227550 method=java.util.TreeMap.getEntryUsingComparator(Ljava/lang/Object;)Ljava/util/TreeMap$Entry; @ 19 c2
Event: 673.164 Thread 0x0000021c21458000 Uncommon trap: reason=profile_predicate action=maybe_recompile pc=0x0000021c11227550 method=java.util.TreeMap.getEntryUsingComparator(Ljava/lang/Object;)Ljava/util/TreeMap$Entry; @ 19 c2
Event: 673.164 Thread 0x0000021c21458000 Uncommon trap: reason=profile_predicate action=maybe_recompile pc=0x0000021c11227550 method=java.util.TreeMap.getEntryUsingComparator(Ljava/lang/Object;)Ljava/util/TreeMap$Entry; @ 19 c2
Event: 673.164 Thread 0x0000021c21458000 Uncommon trap: reason=profile_predicate action=maybe_recompile pc=0x0000021c11227550 method=java.util.TreeMap.getEntryUsingComparator(Ljava/lang/Object;)Ljava/util/TreeMap$Entry; @ 19 c2

Classes redefined (0 events):
No events

Internal exceptions (10 events):
Event: 671.161 Thread 0x0000021c1feb8000 Exception <a 'java/lang/ArrayIndexOutOfBoundsException'{0x00000000cea7adf8}> (0x00000000cea7adf8) thrown at [t:/workspace/open/src/hotspot/share/runtime/sharedRuntime.cpp, line 584]
Event: 671.161 Thread 0x0000021c1feb8000 Exception <a 'java/lang/ArrayIndexOutOfBoundsException'{0x00000000cea7b588}> (0x00000000cea7b588) thrown at [t:/workspace/open/src/hotspot/share/runtime/sharedRuntime.cpp, line 584]
Event: 671.161 Thread 0x0000021c1feb8000 Exception <a 'java/lang/ArrayIndexOutOfBoundsException'{0x00000000cea7bd10}> (0x00000000cea7bd10) thrown at [t:/workspace/open/src/hotspot/share/runtime/sharedRuntime.cpp, line 584]
Event: 671.596 Thread 0x0000021c1feb2800 Implicit null exception at 0x0000021c11337f11 to 0x0000021c11338003
Event: 672.559 Thread 0x0000021c1feb1800 Exception <a 'java/lang/ArrayIndexOutOfBoundsException'{0x00000000ce5214a8}> (0x00000000ce5214a8) thrown at [t:/workspace/open/src/hotspot/share/runtime/sharedRuntime.cpp, line 584]
Event: 673.015 Thread 0x0000021c1feb8000 Exception <a 'java/lang/ArrayIndexOutOfBoundsException'{0x00000000ceaf3108}> (0x00000000ceaf3108) thrown at [t:/workspace/open/src/hotspot/share/runtime/sharedRuntime.cpp, line 584]
Event: 673.043 Thread 0x0000021c1feb8000 Exception <a 'java/lang/ArrayIndexOutOfBoundsException'{0x00000000ce4d1618}> (0x00000000ce4d1618) thrown at [t:/workspace/open/src/hotspot/share/runtime/sharedRuntime.cpp, line 584]
Event: 673.052 Thread 0x0000021c1feb8000 Exception <a 'java/lang/ArrayIndexOutOfBoundsException'{0x00000000ce331cc8}> (0x00000000ce331cc8) thrown at [t:/workspace/open/src/hotspot/share/runtime/sharedRuntime.cpp, line 584]
Event: 673.073 Thread 0x0000021c1feb8000 Exception <a 'java/lang/ArrayIndexOutOfBoundsException'{0x00000000ce3c5bc8}> (0x00000000ce3c5bc8) thrown at [t:/workspace/open/src/hotspot/share/runtime/sharedRuntime.cpp, line 584]
Event: 673.080 Thread 0x0000021c1feb8000 Exception <a 'java/lang/ArrayIndexOutOfBoundsException'{0x00000000ce215dc8}> (0x00000000ce215dc8) thrown at [t:/workspace/open/src/hotspot/share/runtime/sharedRuntime.cpp, line 584]

Events (10 events):
Event: 673.212 loading class org/eclipse/jdt/internal/formatter/DefaultCodeFormatterOptions
Event: 673.212 loading class org/eclipse/jdt/internal/formatter/DefaultCodeFormatterOptions done
Event: 673.212 loading class org/eclipse/jdt/internal/formatter/DefaultCodeFormatterOptions
Event: 673.212 loading class org/eclipse/jdt/internal/formatter/DefaultCodeFormatterOptions done
Event: 673.213 loading class org/eclipse/jdt/internal/formatter/DefaultCodeFormatterOptions
Event: 673.213 loading class org/eclipse/jdt/internal/formatter/DefaultCodeFormatterOptions done
Event: 673.213 loading class org/eclipse/jdt/internal/formatter/DefaultCodeFormatterOptions
Event: 673.213 loading class org/eclipse/jdt/internal/formatter/DefaultCodeFormatterOptions done
Event: 673.213 loading class org/eclipse/jdt/internal/formatter/DefaultCodeFormatterOptions
Event: 673.213 loading class org/eclipse/jdt/internal/formatter/DefaultCodeFormatterOptions done


Dynamic libraries:
0x00007ff636c90000 - 0x00007ff636cd5000 	C:\Program Files\Java\jdk-11.0.1\bin\java.exe
0x00007ffac6530000 - 0x00007ffac6711000 	C:\WINDOWS\SYSTEM32\ntdll.dll
0x00007ffa94140000 - 0x00007ffa94154000 	C:\Program Files\AVAST Software\Avast\x64\aswhooka.dll
0x00007ffac4530000 - 0x00007ffac45e2000 	C:\WINDOWS\System32\KERNEL32.DLL
0x00007ffac2b00000 - 0x00007ffac2d73000 	C:\WINDOWS\System32\KERNELBASE.dll
0x00007ffac3f00000 - 0x00007ffac4090000 	C:\WINDOWS\System32\USER32.dll
0x00007ffac3700000 - 0x00007ffac3720000 	C:\WINDOWS\System32\win32u.dll
0x00007ffac4eb0000 - 0x00007ffac4ed8000 	C:\WINDOWS\System32\GDI32.dll
0x00007ffac2900000 - 0x00007ffac2a92000 	C:\WINDOWS\System32\gdi32full.dll
0x00007ffac3490000 - 0x00007ffac352f000 	C:\WINDOWS\System32\msvcp_win.dll
0x00007ffac3600000 - 0x00007ffac36fa000 	C:\WINDOWS\System32\ucrtbase.dll
0x00007ffab5d40000 - 0x00007ffab5fa9000 	C:\WINDOWS\WinSxS\amd64_microsoft.windows.common-controls_6595b64144ccf1df_6.0.17134.472_none_fb3f9af53068156d\COMCTL32.dll
0x00007ffac4380000 - 0x00007ffac441e000 	C:\WINDOWS\System32\msvcrt.dll
0x00007ffac39f0000 - 0x00007ffac3d12000 	C:\WINDOWS\System32\combase.dll
0x00007ffac4160000 - 0x00007ffac4284000 	C:\WINDOWS\System32\RPCRT4.dll
0x00007ffac3580000 - 0x00007ffac35fa000 	C:\WINDOWS\System32\bcryptPrimitives.dll
0x00007ffac39c0000 - 0x00007ffac39ed000 	C:\WINDOWS\System32\IMM32.DLL
0x00007ffabb5c0000 - 0x00007ffabb5d6000 	C:\Program Files\Java\jdk-11.0.1\bin\vcruntime140.dll
0x00007ffa956b0000 - 0x00007ffa9575a000 	C:\Program Files\Java\jdk-11.0.1\bin\msvcp140.dll
0x00007ffa77090000 - 0x00007ffa77bd1000 	C:\Program Files\Java\jdk-11.0.1\bin\server\jvm.dll
0x00007ffac4ee0000 - 0x00007ffac4f81000 	C:\WINDOWS\System32\ADVAPI32.dll
0x00007ffac4100000 - 0x00007ffac415b000 	C:\WINDOWS\System32\sechost.dll
0x00007ffac4df0000 - 0x00007ffac4df8000 	C:\WINDOWS\System32\PSAPI.DLL
0x00007ffaa1260000 - 0x00007ffaa1269000 	C:\WINDOWS\SYSTEM32\WSOCK32.dll
0x00007ffac44c0000 - 0x00007ffac452c000 	C:\WINDOWS\System32\WS2_32.dll
0x00007ffabe460000 - 0x00007ffabe483000 	C:\WINDOWS\SYSTEM32\WINMM.dll
0x00007ffabe5a0000 - 0x00007ffabe5aa000 	C:\WINDOWS\SYSTEM32\VERSION.dll
0x00007ffabe430000 - 0x00007ffabe45a000 	C:\WINDOWS\SYSTEM32\WINMMBASE.dll
0x00007ffac3530000 - 0x00007ffac3579000 	C:\WINDOWS\System32\cfgmgr32.dll
0x00007ffac28a0000 - 0x00007ffac28b1000 	C:\WINDOWS\System32\kernel.appcore.dll
0x00007ffaac450000 - 0x00007ffaac461000 	C:\Program Files\Java\jdk-11.0.1\bin\verify.dll
0x00007ffab01d0000 - 0x00007ffab0399000 	C:\WINDOWS\SYSTEM32\DBGHELP.DLL
0x00007ffaaff70000 - 0x00007ffaaff99000 	C:\WINDOWS\SYSTEM32\dbgcore.DLL
0x00007ffa9e740000 - 0x00007ffa9e768000 	C:\Program Files\Java\jdk-11.0.1\bin\java.dll
0x00007ffaa67f0000 - 0x00007ffaa6806000 	C:\Program Files\Java\jdk-11.0.1\bin\zip.dll
0x00007ffabc2d0000 - 0x00007ffabc2da000 	C:\Program Files\Java\jdk-11.0.1\bin\jimage.dll
0x00007ffac5060000 - 0x00007ffac64a0000 	C:\WINDOWS\System32\SHELL32.dll
0x00007ffac4e00000 - 0x00007ffac4ea9000 	C:\WINDOWS\System32\shcore.dll
0x00007ffac2d80000 - 0x00007ffac348d000 	C:\WINDOWS\System32\windows.storage.dll
0x00007ffac40a0000 - 0x00007ffac40f1000 	C:\WINDOWS\System32\shlwapi.dll
0x00007ffac28c0000 - 0x00007ffac28df000 	C:\WINDOWS\System32\profapi.dll
0x00007ffac2850000 - 0x00007ffac289c000 	C:\WINDOWS\System32\powrprof.dll
0x00007ffac2840000 - 0x00007ffac284a000 	C:\WINDOWS\System32\FLTLIB.DLL
0x00007ffaa35c0000 - 0x00007ffaa35d9000 	C:\Program Files\Java\jdk-11.0.1\bin\net.dll
0x00007ffab7400000 - 0x00007ffab74dd000 	C:\WINDOWS\SYSTEM32\WINHTTP.dll
0x00007ffac20c0000 - 0x00007ffac2126000 	C:\WINDOWS\system32\mswsock.dll
0x00007ffaa2e80000 - 0x00007ffaa2e93000 	C:\Program Files\Java\jdk-11.0.1\bin\nio.dll
0x00007ffac2270000 - 0x00007ffac2287000 	C:\WINDOWS\SYSTEM32\CRYPTSP.dll
0x00007ffac1ca0000 - 0x00007ffac1cd3000 	C:\WINDOWS\system32\rsaenh.dll
0x00007ffac23a0000 - 0x00007ffac23c5000 	C:\WINDOWS\SYSTEM32\bcrypt.dll
0x00007ffac2770000 - 0x00007ffac2798000 	C:\WINDOWS\SYSTEM32\USERENV.dll
0x00007ffac2290000 - 0x00007ffac229b000 	C:\WINDOWS\SYSTEM32\CRYPTBASE.dll
0x00007ffac1e40000 - 0x00007ffac1e78000 	C:\WINDOWS\SYSTEM32\IPHLPAPI.DLL
0x00007ffac4de0000 - 0x00007ffac4de8000 	C:\WINDOWS\System32\NSI.dll
0x00007ffabdff0000 - 0x00007ffabe006000 	C:\WINDOWS\SYSTEM32\dhcpcsvc6.DLL
0x00007ffabdfd0000 - 0x00007ffabdfea000 	C:\WINDOWS\SYSTEM32\dhcpcsvc.DLL
0x00007ffab4920000 - 0x00007ffab4949000 	C:\Users\Brendan\.vscode\extensions\redhat.java-0.36.0\server\config_win\org.eclipse.equinox.launcher\org.eclipse.equinox.launcher.win32.win32.x86_64_1.1.900.v20180922-1751\eclipse_1801.dll
0x00007ffab4870000 - 0x00007ffab4881000 	C:\Users\Brendan\.vscode\extensions\redhat.java-0.36.0\server\config_win\org.eclipse.osgi\20\0\.cp\jWinHttp-1.0.0.dll
0x00007ffac3d20000 - 0x00007ffac3e71000 	C:\WINDOWS\System32\ole32.dll

dbghelp: loaded successfully - version: 4.0.5 - missing functions: none
symbol engine: initialized successfully - sym options: 0x614 - pdb path: .;C:\Program Files\Java\jdk-11.0.1\bin;C:\WINDOWS\SYSTEM32;C:\Program Files\AVAST Software\Avast\x64;C:\WINDOWS\WinSxS\amd64_microsoft.windows.common-controls_6595b64144ccf1df_6.0.17134.472_none_fb3f9af53068156d;C:\Program Files\Java\jdk-11.0.1\bin\server;C:\Users\Brendan\.vscode\extensions\redhat.java-0.36.0\server\config_win\org.eclipse.equinox.launcher\org.eclipse.equinox.launcher.win32.win32.x86_64_1.1.900.v20180922-1751;C:\Users\Brendan\.vscode\extensions\redhat.java-0.36.0\server\config_win\org.eclipse.osgi\20\0\.cp

VM Arguments:
jvm_args: --add-modules=ALL-SYSTEM --add-opens=java.base/java.util=ALL-UNNAMED --add-opens=java.base/java.lang=ALL-UNNAMED -Declipse.application=org.eclipse.jdt.ls.core.id1 -Dosgi.bundles.defaultStartLevel=4 -Declipse.product=org.eclipse.jdt.ls.core.product -Xverify:none -Xmx1G -XX:+UseG1GC -XX:+UseStringDeduplication 
java_command: C:\Users\Brendan\.vscode\extensions\redhat.java-0.36.0\server\plugins\org.eclipse.equinox.launcher_1.5.200.v20180922-1751.jar -configuration C:\Users\Brendan\.vscode\extensions\redhat.java-0.36.0\server\config_win -data c:\Users\Brendan\AppData\Roaming\Code\User\workspaceStorage\7f22294833d0675836bc7eace21dc031\redhat.java\jdt_ws
java_class_path (initial): C:\Users\Brendan\.vscode\extensions\redhat.java-0.36.0\server\plugins\org.eclipse.equinox.launcher_1.5.200.v20180922-1751.jar
Launcher Type: SUN_STANDARD

[Global flags]
     bool BytecodeVerificationLocal                = false                                     {product} {command line}
     bool BytecodeVerificationRemote               = false                                     {product} {command line}
     intx CICompilerCount                          = 3                                         {product} {ergonomic}
     uint ConcGCThreads                            = 2                                         {product} {ergonomic}
     uint G1ConcRefinementThreads                  = 6                                         {product} {ergonomic}
   size_t G1HeapRegionSize                         = 1048576                                   {product} {ergonomic}
    uintx GCDrainStackTargetSize                   = 64                                        {product} {ergonomic}
   size_t InitialHeapSize                          = 266338304                                 {product} {ergonomic}
   size_t MarkStackSize                            = 4194304                                   {product} {ergonomic}
   size_t MaxHeapSize                              = 1073741824                                {product} {command line}
   size_t MaxNewSize                               = 643825664                                 {product} {ergonomic}
   size_t MinHeapDeltaBytes                        = 1048576                                   {product} {ergonomic}
    uintx NonNMethodCodeHeapSize                   = 5830092                                {pd product} {ergonomic}
    uintx NonProfiledCodeHeapSize                  = 122914074                              {pd product} {ergonomic}
    uintx ProfiledCodeHeapSize                     = 122914074                              {pd product} {ergonomic}
    uintx ReservedCodeCacheSize                    = 251658240                              {pd product} {ergonomic}
     bool SegmentedCodeCache                       = true                                      {product} {ergonomic}
     bool UseCompressedClassPointers               = true                                 {lp64_product} {ergonomic}
     bool UseCompressedOops                        = true                                 {lp64_product} {ergonomic}
     bool UseG1GC                                  = true                                      {product} {command line}
     bool UseLargePagesIndividualAllocation        = false                                  {pd product} {ergonomic}
     bool UseStringDeduplication                   = true                                      {product} {command line}

Logging:
Log output configuration:
 #0: stdout all=warning uptime,level,tags
 #1: stderr all=off uptime,level,tags

Environment Variables:
JAVA_HOME=C:\Program Files\Java\jdk-11.0.1
PATH=;C:\WINDOWS\system32;C:\WINDOWS;C:\WINDOWS\System32\Wbem;C:\WINDOWS\System32\WindowsPowerShell\v1.0\;C:\Program Files\nodejs\;C:\Program Files (x86)\NVIDIA Corporation\PhysX\Common;C:\WINDOWS\system32;C:\WINDOWS;C:\WINDOWS\System32\Wbem;C:\WINDOWS\System32\WindowsPowerShell\v1.0\;C:\WINDOWS\System32\OpenSSH\;C:\Program Files\Microsoft VS Code\bin;C:\Users\Brendan\AppData\Local\Programs\Python\Python35\Scripts\;C:\Users\Brendan\AppData\Local\Programs\Python\Python35\;C:\Ruby200-x64\bin;C:\Users\Brendan\AppData\Local\atom\bin;C:\Users\Brendan\AppData\Local\Microsoft\WindowsApps;C:\Program Files (x86)\Nmap;S:\devkitPro\msys\bin;C:\Program Files\Microsoft VS Code\bin;C:\Users\Brendan\AppData\Local\GitHubDesktop\bin;%USERPROFILE%\AppData\Local\Microsoft\WindowsApps;C:\Users\Brendan\AppData\Roaming\npm;C:\Program Files\Git\bin;C:\Program Files\Java\jre1.8.0_111\bin;E:\nwjs-sdk-v0.31.0-win-x64;;C:\Users\Brendan\AppData\Local\hyper\app-2.1.0\resources\bin
USERNAME=Brendan
OS=Windows_NT
PROCESSOR_IDENTIFIER=AMD64 Family 21 Model 2 Stepping 0, AuthenticAMD



---------------  S Y S T E M  ---------------

OS: Windows 10 , 64 bit Build 17134 (10.0.17134.1)

CPU:total 6 (initial active 6) (6 cores per cpu, 1 threads per core) family 21 model 2 stepping 0, cmov, cx8, fxsr, mmx, sse, sse2, sse3, ssse3, sse4.1, sse4.2, popcnt, avx, aes, clmul, mmxext, 3dnowpref, lzcnt, sse4a, tsc, tscinvbit, tscinv, bmi1, fma

Memory: 4k page, system-wide physical 16218M (7520M free)
TotalPageFile size 18963M (AvailPageFile size 7973M)
current process WorkingSet (physical memory assigned to process): 271M, peak: 273M
current process commit charge ("private bytes"): 438M, peak: 443M

vm_info: OpenJDK 64-Bit Server VM (11.0.1+13) for windows-amd64 JRE (11.0.1+13), built on Oct  6 2018 13:18:13 by "mach5one" with MS VC++ 15.5 (VS2017)

END.
