#
# A fatal error has been detected by the Java Runtime Environment:
#
#  EXCEPTION_ACCESS_VIOLATION (0xc0000005) at pc=0x0000000002af0d30, pid=19416, tid=18696
#
# JRE version: Java(TM) SE Runtime Environment (8.0_91-b15) (build 1.8.0_91-b15)
# Java VM: Java HotSpot(TM) 64-Bit Server VM (25.91-b15 mixed mode windows-amd64 compressed oops)
# Problematic frame:
# J 1230 C1 org.eclipse.osgi.container.ModuleResolver.removeNonEffectiveCapabilities(Ljava/util/ListIterator;)V (152 bytes) @ 0x0000000002af0d30 [0x0000000002af07a0+0x590]
#
# Failed to write core dump. Minidumps are not enabled by default on client versions of Windows
#
# If you would like to submit a bug report, please visit:
#   http://bugreport.java.com/bugreport/crash.jsp
#

---------------  T H R E A D  ---------------

Current thread (0x000000001b5a9000):  JavaThread "pool-1-thread-1" [_thread_in_Java, id=18696, stack(0x000000001fd00000,0x000000001fe00000)]

siginfo: ExceptionCode=0xc0000005, writing address 0x0000000031aba5b0

Registers:
RAX=0x00000000cc548708, RBX=0x00000001000abc78, RCX=0x00000000cc3b4200, RDX=0x00000000cc548708
RSP=0x000000001fdfd2f0, RBP=0x000000001fdfd408, RSI=0x00000000cc548708, RDI=0x0000000018d5d2d8
R8 =0x0000000000000000, R9 =0x00000000caa2c960, R10=0x00000000cc548708, R11=0x0000000000000001
R12=0x0000000000000000, R13=0x000000001fdfd3b8, R14=0x000000001fdfd460, R15=0x000000001b5a9000
RIP=0x0000000002af0d30, EFLAGS=0x0000000000010283

Top of Stack: (sp=0x000000001fdfd2f0)
0x000000001fdfd2f0:   000000001fdfd510 0000000000000206
0x000000001fdfd300:   0000000000000000 0000000002a1f714
0x000000001fdfd310:   00000000cab93880 000000001fdfd430
0x000000001fdfd320:   00000000caa2c748 00000000cab938b8
0x000000001fdfd330:   000000001fdfd3a0 0000000002677b75
0x000000001fdfd340:   000000001fdfd3a0 0000000002677b75
0x000000001fdfd350:   0000000002677b75 00000000caa2c9b0
0x000000001fdfd360:   000000001fdfd360 0000000018bcef6e
0x000000001fdfd370:   00000000caa2c9b0 00000000cc3b4200
0x000000001fdfd380:   00000000cc548708 0000000018bcefc0
0x000000001fdfd390:   0000000000000000 000000001fdfd3b8
0x000000001fdfd3a0:   000000001fdfd408 000000000267835d
0x000000001fdfd3b0:   000000000267835d 00000000caa2c9b0
0x000000001fdfd3c0:   00000000cc3b4200 000000001fdfd3c8
0x000000001fdfd3d0:   0000000018bce754 000000001fdfd460
0x000000001fdfd3e0:   0000000018bd4428 0000000018d5da50 

Instructions: (pc=0x0000000002af0d30)
0x0000000002af0d10:   60 01 00 00 01 e9 2f 23 00 00 e9 00 00 00 00 48
0x0000000002af0d20:   8b f0 48 89 b4 24 90 00 00 00 48 3b 06 48 8b d6
0x0000000002af0d30:   08 bf d8 d2 d5 18 00 00 40 00 8b 52 08 48 c1 e2
0x0000000002af0d40:   03 48 3b 97 98 01 00 00 75 0d 48 83 87 a0 01 00 


Register to memory mapping:

RAX=0x00000000cc548708 is an oop
org.eclipse.osgi.container.ModuleCapability 
 - klass: 'org/eclipse/osgi/container/ModuleCapability'
RBX=0x00000001000abc78 is pointing into metadata
RCX=0x00000000cc3b4200 is an oop
org.eclipse.osgi.container.ModuleResolver 
 - klass: 'org/eclipse/osgi/container/ModuleResolver'
RDX=0x00000000cc548708 is an oop
org.eclipse.osgi.container.ModuleCapability 
 - klass: 'org/eclipse/osgi/container/ModuleCapability'
RSP=0x000000001fdfd2f0 is pointing into the stack for thread: 0x000000001b5a9000
RBP=0x000000001fdfd408 is pointing into the stack for thread: 0x000000001b5a9000
RSI=0x00000000cc548708 is an oop
org.eclipse.osgi.container.ModuleCapability 
 - klass: 'org/eclipse/osgi/container/ModuleCapability'
RDI=0x0000000018d5d2d8 is pointing into metadata
R8 =0x0000000000000000 is an unknown value
R9 =0x00000000caa2c960 is an oop
[Ljava.lang.Object; 
 - klass: 'java/lang/Object'[]
 - length: 1
R10=0x00000000cc548708 is an oop
org.eclipse.osgi.container.ModuleCapability 
 - klass: 'org/eclipse/osgi/container/ModuleCapability'
R11=0x0000000000000001 is an unknown value
R12=0x0000000000000000 is an unknown value
R13=0x000000001fdfd3b8 is pointing into the stack for thread: 0x000000001b5a9000
R14=0x000000001fdfd460 is pointing into the stack for thread: 0x000000001b5a9000
R15=0x000000001b5a9000 is a thread


Stack: [0x000000001fd00000,0x000000001fe00000],  sp=0x000000001fdfd2f0,  free space=1012k
Native frames: (J=compiled Java code, j=interpreted, Vv=VM code, C=native code)
C  0x0000000002af0d30


---------------  P R O C E S S  ---------------

Java Threads: ( => current thread )
=>0x000000001b5a9000 JavaThread "pool-1-thread-1" [_thread_in_Java, id=18696, stack(0x000000001fd00000,0x000000001fe00000)]
  0x000000001b5aa800 JavaThread "pool-2-thread-1" [_thread_blocked, id=16256, stack(0x000000001fa00000,0x000000001fb00000)]
  0x000000001b5ac000 JavaThread "Bundle File Closer" daemon [_thread_blocked, id=15248, stack(0x000000001df30000,0x000000001e030000)]
  0x000000001b5ae800 JavaThread "Worker-1: Initialize Workspace" [_thread_in_vm, id=18932, stack(0x000000001de30000,0x000000001df30000)]
  0x000000001b5ab800 JavaThread "Java indexing" daemon [_thread_blocked, id=5984, stack(0x000000001dd30000,0x000000001de30000)]
  0x000000001bc27000 JavaThread "Worker-0" [_thread_blocked, id=13844, stack(0x000000001da30000,0x000000001db30000)]
  0x000000001b560800 JavaThread "Worker-JM" [_thread_blocked, id=5068, stack(0x000000001d5a0000,0x000000001d6a0000)]
  0x000000001acb7800 JavaThread "Resolver thread - Equinox Container: b44f64b0-4dba-4b19-93ad-dc7aa128b538" daemon [_thread_blocked, id=10556, stack(0x000000001bf30000,0x000000001c030000)]
  0x000000001acb6800 JavaThread "Resolver thread - Equinox Container: b44f64b0-4dba-4b19-93ad-dc7aa128b538" daemon [_thread_blocked, id=24168, stack(0x000000001be30000,0x000000001bf30000)]
  0x000000001a1ee800 JavaThread "Resolver thread - Equinox Container: b44f64b0-4dba-4b19-93ad-dc7aa128b538" daemon [_thread_blocked, id=21092, stack(0x000000001bd30000,0x000000001be30000)]
  0x000000001b38c800 JavaThread "Refresh Thread: Equinox Container: b44f64b0-4dba-4b19-93ad-dc7aa128b538" daemon [_thread_blocked, id=10208, stack(0x000000001bc30000,0x000000001bd30000)]
  0x000000001a0ff000 JavaThread "Start Level: Equinox Container: b44f64b0-4dba-4b19-93ad-dc7aa128b538" daemon [_thread_blocked, id=23020, stack(0x000000001ab60000,0x000000001ac60000)]
  0x000000001a157800 JavaThread "Framework Event Dispatcher: Equinox Container: b44f64b0-4dba-4b19-93ad-dc7aa128b538" daemon [_thread_blocked, id=18736, stack(0x000000001aa60000,0x000000001ab60000)]
  0x0000000019e19000 JavaThread "Active Thread: Equinox Container: b44f64b0-4dba-4b19-93ad-dc7aa128b538" [_thread_blocked, id=24312, stack(0x000000001a960000,0x000000001aa60000)]
  0x0000000019e1a800 JavaThread "Resolver thread - Equinox Container: b44f64b0-4dba-4b19-93ad-dc7aa128b538" daemon [_thread_blocked, id=1848, stack(0x000000001a860000,0x000000001a960000)]
  0x0000000019d9c800 JavaThread "Resolver thread - Equinox Container: b44f64b0-4dba-4b19-93ad-dc7aa128b538" daemon [_thread_blocked, id=7496, stack(0x000000001a760000,0x000000001a860000)]
  0x00000000183ab000 JavaThread "Service Thread" daemon [_thread_blocked, id=21820, stack(0x00000000197e0000,0x00000000198e0000)]
  0x000000001833b800 JavaThread "C1 CompilerThread2" daemon [_thread_blocked, id=16672, stack(0x00000000196e0000,0x00000000197e0000)]
  0x0000000018336800 JavaThread "C2 CompilerThread1" daemon [_thread_blocked, id=21012, stack(0x00000000195e0000,0x00000000196e0000)]
  0x0000000018336000 JavaThread "C2 CompilerThread0" daemon [_thread_in_native, id=2624, stack(0x00000000194e0000,0x00000000195e0000)]
  0x0000000018335000 JavaThread "Attach Listener" daemon [_thread_blocked, id=12184, stack(0x00000000193e0000,0x00000000194e0000)]
  0x000000001832c800 JavaThread "Signal Dispatcher" daemon [_thread_blocked, id=13364, stack(0x00000000192e0000,0x00000000193e0000)]
  0x000000001832b800 JavaThread "Surrogate Locker Thread (Concurrent GC)" daemon [_thread_blocked, id=6412, stack(0x00000000191e0000,0x00000000192e0000)]
  0x00000000182cd000 JavaThread "Finalizer" daemon [_thread_blocked, id=6872, stack(0x0000000018ff0000,0x00000000190f0000)]
  0x00000000182c6800 JavaThread "Reference Handler" daemon [_thread_blocked, id=22792, stack(0x0000000018ef0000,0x0000000018ff0000)]
  0x000000000256e000 JavaThread "main" [_thread_blocked, id=15276, stack(0x0000000002440000,0x0000000002540000)]

Other Threads:
  0x00000000182c1000 VMThread [stack: 0x0000000018df0000,0x0000000018ef0000] [id=20332]
  0x00000000183cc000 WatcherThread [stack: 0x00000000199e0000,0x0000000019ae0000] [id=20444]

VM state:synchronizing (normal execution)

VM Mutex/Monitor currently owned by a thread:  ([mutex/lock_event])
[0x0000000002570e50] Safepoint_lock - owner thread: 0x00000000182c1000
[0x00000000025711d0] Threads_lock - owner thread: 0x00000000182c1000

Heap:
 garbage-first heap   total 260096K, used 91496K [0x00000000c0000000, 0x00000000c01007f0, 0x0000000100000000)
  region size 1024K, 84 young (86016K), 14 survivors (14336K)
 Metaspace       used 30694K, capacity 32394K, committed 32640K, reserved 1077248K
  class space    used 3385K, capacity 3964K, committed 3968K, reserved 1048576K

Heap Regions: (Y=young(eden), SU=young(survivor), HS=humongous(starts), HC=humongous(continues), CS=collection set, F=free, TS=gc time stamp, PTAMS=previous top-at-mark-start, NTAMS=next top-at-mark-start)
AC   0  O    TS     0 PTAMS 0x00000000c0100000 NTAMS 0x00000000c0100000 space 1024K, 100% used [0x00000000c0000000, 0x00000000c0100000)
AC   0  O    TS     0 PTAMS 0x00000000c0200000 NTAMS 0x00000000c0200000 space 1024K, 100% used [0x00000000c0100000, 0x00000000c0200000)
AC   0  O    TS     0 PTAMS 0x00000000c0300000 NTAMS 0x00000000c0300000 space 1024K, 100% used [0x00000000c0200000, 0x00000000c0300000)
AC   0  F    TS     0 PTAMS 0x00000000c0300000 NTAMS 0x00000000c0300000 space 1024K,   0% used [0x00000000c0300000, 0x00000000c0400000)
AC   0  F    TS     0 PTAMS 0x00000000c0400000 NTAMS 0x00000000c0400000 space 1024K,   0% used [0x00000000c0400000, 0x00000000c0500000)
AC   0  O    TS     0 PTAMS 0x00000000c0600000 NTAMS 0x00000000c0600000 space 1024K, 100% used [0x00000000c0500000, 0x00000000c0600000)
AC   0  O    TS     0 PTAMS 0x00000000c0700000 NTAMS 0x00000000c0700000 space 1024K, 100% used [0x00000000c0600000, 0x00000000c0700000)
AC   0  O    TS     0 PTAMS 0x00000000c0800000 NTAMS 0x00000000c0800000 space 1024K, 100% used [0x00000000c0700000, 0x00000000c0800000)
AC   0  O    TS     0 PTAMS 0x00000000c085a000 NTAMS 0x00000000c085a000 space 1024K,  35% used [0x00000000c0800000, 0x00000000c0900000)
AC   0  F    TS     0 PTAMS 0x00000000c0900000 NTAMS 0x00000000c0900000 space 1024K,   0% used [0x00000000c0900000, 0x00000000c0a00000)
AC   0  F    TS     0 PTAMS 0x00000000c0a00000 NTAMS 0x00000000c0a00000 space 1024K,   0% used [0x00000000c0a00000, 0x00000000c0b00000)
AC   0  F    TS     0 PTAMS 0x00000000c0b00000 NTAMS 0x00000000c0b00000 space 1024K,   0% used [0x00000000c0b00000, 0x00000000c0c00000)
AC   0  F    TS     0 PTAMS 0x00000000c0c00000 NTAMS 0x00000000c0c00000 space 1024K,   0% used [0x00000000c0c00000, 0x00000000c0d00000)
AC   0  F    TS     0 PTAMS 0x00000000c0d00000 NTAMS 0x00000000c0d00000 space 1024K,   0% used [0x00000000c0d00000, 0x00000000c0e00000)
AC   0  F    TS     0 PTAMS 0x00000000c0e00000 NTAMS 0x00000000c0e00000 space 1024K,   0% used [0x00000000c0e00000, 0x00000000c0f00000)
AC   0  F    TS     0 PTAMS 0x00000000c0f00000 NTAMS 0x00000000c0f00000 space 1024K,   0% used [0x00000000c0f00000, 0x00000000c1000000)
AC   0  F    TS     0 PTAMS 0x00000000c1000000 NTAMS 0x00000000c1000000 space 1024K,   0% used [0x00000000c1000000, 0x00000000c1100000)
AC   0  F    TS     0 PTAMS 0x00000000c1100000 NTAMS 0x00000000c1100000 space 1024K,   0% used [0x00000000c1100000, 0x00000000c1200000)
AC   0  F    TS     0 PTAMS 0x00000000c1200000 NTAMS 0x00000000c1200000 space 1024K,   0% used [0x00000000c1200000, 0x00000000c1300000)
AC   0  F    TS     0 PTAMS 0x00000000c1300000 NTAMS 0x00000000c1300000 space 1024K,   0% used [0x00000000c1300000, 0x00000000c1400000)
AC   0  F    TS     0 PTAMS 0x00000000c1400000 NTAMS 0x00000000c1400000 space 1024K,   0% used [0x00000000c1400000, 0x00000000c1500000)
AC   0  F    TS     0 PTAMS 0x00000000c1500000 NTAMS 0x00000000c1500000 space 1024K,   0% used [0x00000000c1500000, 0x00000000c1600000)
AC   0  F    TS     0 PTAMS 0x00000000c1600000 NTAMS 0x00000000c1600000 space 1024K,   0% used [0x00000000c1600000, 0x00000000c1700000)
AC   0  F    TS     0 PTAMS 0x00000000c1700000 NTAMS 0x00000000c1700000 space 1024K,   0% used [0x00000000c1700000, 0x00000000c1800000)
AC   0  F    TS     0 PTAMS 0x00000000c1800000 NTAMS 0x00000000c1800000 space 1024K,   0% used [0x00000000c1800000, 0x00000000c1900000)
AC   0  F    TS     0 PTAMS 0x00000000c1900000 NTAMS 0x00000000c1900000 space 1024K,   0% used [0x00000000c1900000, 0x00000000c1a00000)
AC   0  F    TS     0 PTAMS 0x00000000c1a00000 NTAMS 0x00000000c1a00000 space 1024K,   0% used [0x00000000c1a00000, 0x00000000c1b00000)
AC   0  F    TS     0 PTAMS 0x00000000c1b00000 NTAMS 0x00000000c1b00000 space 1024K,   0% used [0x00000000c1b00000, 0x00000000c1c00000)
AC   0  F    TS     0 PTAMS 0x00000000c1c00000 NTAMS 0x00000000c1c00000 space 1024K,   0% used [0x00000000c1c00000, 0x00000000c1d00000)
AC   0  F    TS     0 PTAMS 0x00000000c1d00000 NTAMS 0x00000000c1d00000 space 1024K,   0% used [0x00000000c1d00000, 0x00000000c1e00000)
AC   0  F    TS     0 PTAMS 0x00000000c1e00000 NTAMS 0x00000000c1e00000 space 1024K,   0% used [0x00000000c1e00000, 0x00000000c1f00000)
AC   0  F    TS     0 PTAMS 0x00000000c1f00000 NTAMS 0x00000000c1f00000 space 1024K,   0% used [0x00000000c1f00000, 0x00000000c2000000)
AC   0  F    TS     0 PTAMS 0x00000000c2000000 NTAMS 0x00000000c2000000 space 1024K,   0% used [0x00000000c2000000, 0x00000000c2100000)
AC   0  F    TS     0 PTAMS 0x00000000c2100000 NTAMS 0x00000000c2100000 space 1024K,   0% used [0x00000000c2100000, 0x00000000c2200000)
AC   0  F    TS     0 PTAMS 0x00000000c2200000 NTAMS 0x00000000c2200000 space 1024K,   0% used [0x00000000c2200000, 0x00000000c2300000)
AC   0  F    TS     0 PTAMS 0x00000000c2300000 NTAMS 0x00000000c2300000 space 1024K,   0% used [0x00000000c2300000, 0x00000000c2400000)
AC   0  F    TS     0 PTAMS 0x00000000c2400000 NTAMS 0x00000000c2400000 space 1024K,   0% used [0x00000000c2400000, 0x00000000c2500000)
AC   0  F    TS     0 PTAMS 0x00000000c2500000 NTAMS 0x00000000c2500000 space 1024K,   0% used [0x00000000c2500000, 0x00000000c2600000)
AC   0  F    TS     0 PTAMS 0x00000000c2600000 NTAMS 0x00000000c2600000 space 1024K,   0% used [0x00000000c2600000, 0x00000000c2700000)
AC   0  F    TS     0 PTAMS 0x00000000c2700000 NTAMS 0x00000000c2700000 space 1024K,   0% used [0x00000000c2700000, 0x00000000c2800000)
AC   0  F    TS     0 PTAMS 0x00000000c2800000 NTAMS 0x00000000c2800000 space 1024K,   0% used [0x00000000c2800000, 0x00000000c2900000)
AC   0  F    TS     0 PTAMS 0x00000000c2900000 NTAMS 0x00000000c2900000 space 1024K,   0% used [0x00000000c2900000, 0x00000000c2a00000)
AC   0  F    TS     0 PTAMS 0x00000000c2a00000 NTAMS 0x00000000c2a00000 space 1024K,   0% used [0x00000000c2a00000, 0x00000000c2b00000)
AC   0  F    TS     0 PTAMS 0x00000000c2b00000 NTAMS 0x00000000c2b00000 space 1024K,   0% used [0x00000000c2b00000, 0x00000000c2c00000)
AC   0  F    TS     0 PTAMS 0x00000000c2c00000 NTAMS 0x00000000c2c00000 space 1024K,   0% used [0x00000000c2c00000, 0x00000000c2d00000)
AC   0  F    TS     0 PTAMS 0x00000000c2d00000 NTAMS 0x00000000c2d00000 space 1024K,   0% used [0x00000000c2d00000, 0x00000000c2e00000)
AC   0  F    TS     0 PTAMS 0x00000000c2e00000 NTAMS 0x00000000c2e00000 space 1024K,   0% used [0x00000000c2e00000, 0x00000000c2f00000)
AC   0  F    TS     0 PTAMS 0x00000000c2f00000 NTAMS 0x00000000c2f00000 space 1024K,   0% used [0x00000000c2f00000, 0x00000000c3000000)
AC   0  F    TS     0 PTAMS 0x00000000c3000000 NTAMS 0x00000000c3000000 space 1024K,   0% used [0x00000000c3000000, 0x00000000c3100000)
AC   0  F    TS     0 PTAMS 0x00000000c3100000 NTAMS 0x00000000c3100000 space 1024K,   0% used [0x00000000c3100000, 0x00000000c3200000)
AC   0  F    TS     0 PTAMS 0x00000000c3200000 NTAMS 0x00000000c3200000 space 1024K,   0% used [0x00000000c3200000, 0x00000000c3300000)
AC   0  F    TS     0 PTAMS 0x00000000c3300000 NTAMS 0x00000000c3300000 space 1024K,   0% used [0x00000000c3300000, 0x00000000c3400000)
AC   0  F    TS     0 PTAMS 0x00000000c3400000 NTAMS 0x00000000c3400000 space 1024K,   0% used [0x00000000c3400000, 0x00000000c3500000)
AC   0  F    TS     0 PTAMS 0x00000000c3500000 NTAMS 0x00000000c3500000 space 1024K,   0% used [0x00000000c3500000, 0x00000000c3600000)
AC   0  F    TS     0 PTAMS 0x00000000c3600000 NTAMS 0x00000000c3600000 space 1024K,   0% used [0x00000000c3600000, 0x00000000c3700000)
AC   0  F    TS     0 PTAMS 0x00000000c3700000 NTAMS 0x00000000c3700000 space 1024K,   0% used [0x00000000c3700000, 0x00000000c3800000)
AC   0  F    TS     0 PTAMS 0x00000000c3800000 NTAMS 0x00000000c3800000 space 1024K,   0% used [0x00000000c3800000, 0x00000000c3900000)
AC   0  F    TS     0 PTAMS 0x00000000c3900000 NTAMS 0x00000000c3900000 space 1024K,   0% used [0x00000000c3900000, 0x00000000c3a00000)
AC   0  F    TS     0 PTAMS 0x00000000c3a00000 NTAMS 0x00000000c3a00000 space 1024K,   0% used [0x00000000c3a00000, 0x00000000c3b00000)
AC   0  F    TS     0 PTAMS 0x00000000c3b00000 NTAMS 0x00000000c3b00000 space 1024K,   0% used [0x00000000c3b00000, 0x00000000c3c00000)
AC   0  F    TS     0 PTAMS 0x00000000c3c00000 NTAMS 0x00000000c3c00000 space 1024K,   0% used [0x00000000c3c00000, 0x00000000c3d00000)
AC   0  F    TS     0 PTAMS 0x00000000c3d00000 NTAMS 0x00000000c3d00000 space 1024K,   0% used [0x00000000c3d00000, 0x00000000c3e00000)
AC   0  F    TS     0 PTAMS 0x00000000c3e00000 NTAMS 0x00000000c3e00000 space 1024K,   0% used [0x00000000c3e00000, 0x00000000c3f00000)
AC   0  F    TS     0 PTAMS 0x00000000c3f00000 NTAMS 0x00000000c3f00000 space 1024K,   0% used [0x00000000c3f00000, 0x00000000c4000000)
AC   0  F    TS     0 PTAMS 0x00000000c4000000 NTAMS 0x00000000c4000000 space 1024K,   0% used [0x00000000c4000000, 0x00000000c4100000)
AC   0  F    TS     0 PTAMS 0x00000000c4100000 NTAMS 0x00000000c4100000 space 1024K,   0% used [0x00000000c4100000, 0x00000000c4200000)
AC   0  F    TS     0 PTAMS 0x00000000c4200000 NTAMS 0x00000000c4200000 space 1024K,   0% used [0x00000000c4200000, 0x00000000c4300000)
AC   0  F    TS     0 PTAMS 0x00000000c4300000 NTAMS 0x00000000c4300000 space 1024K,   0% used [0x00000000c4300000, 0x00000000c4400000)
AC   0  F    TS     0 PTAMS 0x00000000c4400000 NTAMS 0x00000000c4400000 space 1024K,   0% used [0x00000000c4400000, 0x00000000c4500000)
AC   0  F    TS     0 PTAMS 0x00000000c4500000 NTAMS 0x00000000c4500000 space 1024K,   0% used [0x00000000c4500000, 0x00000000c4600000)
AC   0  F    TS     0 PTAMS 0x00000000c4600000 NTAMS 0x00000000c4600000 space 1024K,   0% used [0x00000000c4600000, 0x00000000c4700000)
AC   0  F    TS     0 PTAMS 0x00000000c4700000 NTAMS 0x00000000c4700000 space 1024K,   0% used [0x00000000c4700000, 0x00000000c4800000)
AC   0  F    TS     0 PTAMS 0x00000000c4800000 NTAMS 0x00000000c4800000 space 1024K,   0% used [0x00000000c4800000, 0x00000000c4900000)
AC   0  F    TS     0 PTAMS 0x00000000c4900000 NTAMS 0x00000000c4900000 space 1024K,   0% used [0x00000000c4900000, 0x00000000c4a00000)
AC   0  F    TS     0 PTAMS 0x00000000c4a00000 NTAMS 0x00000000c4a00000 space 1024K,   0% used [0x00000000c4a00000, 0x00000000c4b00000)
AC   0  F    TS     0 PTAMS 0x00000000c4b00000 NTAMS 0x00000000c4b00000 space 1024K,   0% used [0x00000000c4b00000, 0x00000000c4c00000)
AC   0  F    TS     0 PTAMS 0x00000000c4c00000 NTAMS 0x00000000c4c00000 space 1024K,   0% used [0x00000000c4c00000, 0x00000000c4d00000)
AC   0  F    TS     0 PTAMS 0x00000000c4d00000 NTAMS 0x00000000c4d00000 space 1024K,   0% used [0x00000000c4d00000, 0x00000000c4e00000)
AC   0  F    TS     0 PTAMS 0x00000000c4e00000 NTAMS 0x00000000c4e00000 space 1024K,   0% used [0x00000000c4e00000, 0x00000000c4f00000)
AC   0  F    TS     0 PTAMS 0x00000000c4f00000 NTAMS 0x00000000c4f00000 space 1024K,   0% used [0x00000000c4f00000, 0x00000000c5000000)
AC   0  F    TS     0 PTAMS 0x00000000c5000000 NTAMS 0x00000000c5000000 space 1024K,   0% used [0x00000000c5000000, 0x00000000c5100000)
AC   0  F    TS     0 PTAMS 0x00000000c5100000 NTAMS 0x00000000c5100000 space 1024K,   0% used [0x00000000c5100000, 0x00000000c5200000)
AC   0  F    TS     0 PTAMS 0x00000000c5200000 NTAMS 0x00000000c5200000 space 1024K,   0% used [0x00000000c5200000, 0x00000000c5300000)
AC   0  F    TS     0 PTAMS 0x00000000c5300000 NTAMS 0x00000000c5300000 space 1024K,   0% used [0x00000000c5300000, 0x00000000c5400000)
AC   0  F    TS     0 PTAMS 0x00000000c5400000 NTAMS 0x00000000c5400000 space 1024K,   0% used [0x00000000c5400000, 0x00000000c5500000)
AC   0  F    TS     0 PTAMS 0x00000000c5500000 NTAMS 0x00000000c5500000 space 1024K,   0% used [0x00000000c5500000, 0x00000000c5600000)
AC   0  F    TS     0 PTAMS 0x00000000c5600000 NTAMS 0x00000000c5600000 space 1024K,   0% used [0x00000000c5600000, 0x00000000c5700000)
AC   0  F    TS     0 PTAMS 0x00000000c5700000 NTAMS 0x00000000c5700000 space 1024K,   0% used [0x00000000c5700000, 0x00000000c5800000)
AC   0  F    TS     0 PTAMS 0x00000000c5800000 NTAMS 0x00000000c5800000 space 1024K,   0% used [0x00000000c5800000, 0x00000000c5900000)
AC   0  F    TS     0 PTAMS 0x00000000c5900000 NTAMS 0x00000000c5900000 space 1024K,   0% used [0x00000000c5900000, 0x00000000c5a00000)
AC   0  F    TS     0 PTAMS 0x00000000c5a00000 NTAMS 0x00000000c5a00000 space 1024K,   0% used [0x00000000c5a00000, 0x00000000c5b00000)
AC   0  F    TS     0 PTAMS 0x00000000c5b00000 NTAMS 0x00000000c5b00000 space 1024K,   0% used [0x00000000c5b00000, 0x00000000c5c00000)
AC   0  F    TS     0 PTAMS 0x00000000c5c00000 NTAMS 0x00000000c5c00000 space 1024K,   0% used [0x00000000c5c00000, 0x00000000c5d00000)
AC   0  F    TS     0 PTAMS 0x00000000c5d00000 NTAMS 0x00000000c5d00000 space 1024K,   0% used [0x00000000c5d00000, 0x00000000c5e00000)
AC   0  F    TS     0 PTAMS 0x00000000c5e00000 NTAMS 0x00000000c5e00000 space 1024K,   0% used [0x00000000c5e00000, 0x00000000c5f00000)
AC   0  F    TS     0 PTAMS 0x00000000c5f00000 NTAMS 0x00000000c5f00000 space 1024K,   0% used [0x00000000c5f00000, 0x00000000c6000000)
AC   0  F    TS     0 PTAMS 0x00000000c6000000 NTAMS 0x00000000c6000000 space 1024K,   0% used [0x00000000c6000000, 0x00000000c6100000)
AC   0  F    TS     0 PTAMS 0x00000000c6100000 NTAMS 0x00000000c6100000 space 1024K,   0% used [0x00000000c6100000, 0x00000000c6200000)
AC   0  F    TS     0 PTAMS 0x00000000c6200000 NTAMS 0x00000000c6200000 space 1024K,   0% used [0x00000000c6200000, 0x00000000c6300000)
AC   0  F    TS     0 PTAMS 0x00000000c6300000 NTAMS 0x00000000c6300000 space 1024K,   0% used [0x00000000c6300000, 0x00000000c6400000)
AC   0  F    TS     0 PTAMS 0x00000000c6400000 NTAMS 0x00000000c6400000 space 1024K,   0% used [0x00000000c6400000, 0x00000000c6500000)
AC   0  F    TS     0 PTAMS 0x00000000c6500000 NTAMS 0x00000000c6500000 space 1024K,   0% used [0x00000000c6500000, 0x00000000c6600000)
AC   0  F    TS     0 PTAMS 0x00000000c6600000 NTAMS 0x00000000c6600000 space 1024K,   0% used [0x00000000c6600000, 0x00000000c6700000)
AC   0  F    TS     0 PTAMS 0x00000000c6700000 NTAMS 0x00000000c6700000 space 1024K,   0% used [0x00000000c6700000, 0x00000000c6800000)
AC   0  F    TS     0 PTAMS 0x00000000c6800000 NTAMS 0x00000000c6800000 space 1024K,   0% used [0x00000000c6800000, 0x00000000c6900000)
AC   0  F    TS     0 PTAMS 0x00000000c6900000 NTAMS 0x00000000c6900000 space 1024K,   0% used [0x00000000c6900000, 0x00000000c6a00000)
AC   0  F    TS     0 PTAMS 0x00000000c6a00000 NTAMS 0x00000000c6a00000 space 1024K,   0% used [0x00000000c6a00000, 0x00000000c6b00000)
AC   0  F    TS     0 PTAMS 0x00000000c6b00000 NTAMS 0x00000000c6b00000 space 1024K,   0% used [0x00000000c6b00000, 0x00000000c6c00000)
AC   0  F    TS     0 PTAMS 0x00000000c6c00000 NTAMS 0x00000000c6c00000 space 1024K,   0% used [0x00000000c6c00000, 0x00000000c6d00000)
AC   0  F    TS     0 PTAMS 0x00000000c6d00000 NTAMS 0x00000000c6d00000 space 1024K,   0% used [0x00000000c6d00000, 0x00000000c6e00000)
AC   0  F    TS     0 PTAMS 0x00000000c6e00000 NTAMS 0x00000000c6e00000 space 1024K,   0% used [0x00000000c6e00000, 0x00000000c6f00000)
AC   0  F    TS     0 PTAMS 0x00000000c6f00000 NTAMS 0x00000000c6f00000 space 1024K,   0% used [0x00000000c6f00000, 0x00000000c7000000)
AC   0  F    TS     0 PTAMS 0x00000000c7000000 NTAMS 0x00000000c7000000 space 1024K,   0% used [0x00000000c7000000, 0x00000000c7100000)
AC   0  F    TS     0 PTAMS 0x00000000c7100000 NTAMS 0x00000000c7100000 space 1024K,   0% used [0x00000000c7100000, 0x00000000c7200000)
AC   0  F    TS     0 PTAMS 0x00000000c7200000 NTAMS 0x00000000c7200000 space 1024K,   0% used [0x00000000c7200000, 0x00000000c7300000)
AC   0  F    TS     0 PTAMS 0x00000000c7300000 NTAMS 0x00000000c7300000 space 1024K,   0% used [0x00000000c7300000, 0x00000000c7400000)
AC   0  F    TS     0 PTAMS 0x00000000c7400000 NTAMS 0x00000000c7400000 space 1024K,   0% used [0x00000000c7400000, 0x00000000c7500000)
AC   0  F    TS     0 PTAMS 0x00000000c7500000 NTAMS 0x00000000c7500000 space 1024K,   0% used [0x00000000c7500000, 0x00000000c7600000)
AC   0  F    TS     0 PTAMS 0x00000000c7600000 NTAMS 0x00000000c7600000 space 1024K,   0% used [0x00000000c7600000, 0x00000000c7700000)
AC   0  F    TS     0 PTAMS 0x00000000c7700000 NTAMS 0x00000000c7700000 space 1024K,   0% used [0x00000000c7700000, 0x00000000c7800000)
AC   0  F    TS     0 PTAMS 0x00000000c7800000 NTAMS 0x00000000c7800000 space 1024K,   0% used [0x00000000c7800000, 0x00000000c7900000)
AC   0  F    TS     0 PTAMS 0x00000000c7900000 NTAMS 0x00000000c7900000 space 1024K,   0% used [0x00000000c7900000, 0x00000000c7a00000)
AC   0  F    TS     0 PTAMS 0x00000000c7a00000 NTAMS 0x00000000c7a00000 space 1024K,   0% used [0x00000000c7a00000, 0x00000000c7b00000)
AC   0  F    TS     0 PTAMS 0x00000000c7b00000 NTAMS 0x00000000c7b00000 space 1024K,   0% used [0x00000000c7b00000, 0x00000000c7c00000)
AC   0  F    TS     0 PTAMS 0x00000000c7c00000 NTAMS 0x00000000c7c00000 space 1024K,   0% used [0x00000000c7c00000, 0x00000000c7d00000)
AC   0  F    TS     0 PTAMS 0x00000000c7d00000 NTAMS 0x00000000c7d00000 space 1024K,   0% used [0x00000000c7d00000, 0x00000000c7e00000)
AC   0  F    TS     0 PTAMS 0x00000000c7e00000 NTAMS 0x00000000c7e00000 space 1024K,   0% used [0x00000000c7e00000, 0x00000000c7f00000)
AC   0  F    TS     0 PTAMS 0x00000000c7f00000 NTAMS 0x00000000c7f00000 space 1024K,   0% used [0x00000000c7f00000, 0x00000000c8000000)
AC   0  F    TS     0 PTAMS 0x00000000c8000000 NTAMS 0x00000000c8000000 space 1024K,   0% used [0x00000000c8000000, 0x00000000c8100000)
AC   0  F    TS     0 PTAMS 0x00000000c8100000 NTAMS 0x00000000c8100000 space 1024K,   0% used [0x00000000c8100000, 0x00000000c8200000)
AC   0  F    TS     0 PTAMS 0x00000000c8200000 NTAMS 0x00000000c8200000 space 1024K,   0% used [0x00000000c8200000, 0x00000000c8300000)
AC   0  F    TS     0 PTAMS 0x00000000c8300000 NTAMS 0x00000000c8300000 space 1024K,   0% used [0x00000000c8300000, 0x00000000c8400000)
AC   0  F    TS     0 PTAMS 0x00000000c8400000 NTAMS 0x00000000c8400000 space 1024K,   0% used [0x00000000c8400000, 0x00000000c8500000)
AC   0  F    TS     0 PTAMS 0x00000000c8500000 NTAMS 0x00000000c8500000 space 1024K,   0% used [0x00000000c8500000, 0x00000000c8600000)
AC   0  F    TS     0 PTAMS 0x00000000c8600000 NTAMS 0x00000000c8600000 space 1024K,   0% used [0x00000000c8600000, 0x00000000c8700000)
AC   0  F    TS     0 PTAMS 0x00000000c8700000 NTAMS 0x00000000c8700000 space 1024K,   0% used [0x00000000c8700000, 0x00000000c8800000)
AC   0  F    TS     0 PTAMS 0x00000000c8800000 NTAMS 0x00000000c8800000 space 1024K,   0% used [0x00000000c8800000, 0x00000000c8900000)
AC   0  F    TS     0 PTAMS 0x00000000c8900000 NTAMS 0x00000000c8900000 space 1024K,   0% used [0x00000000c8900000, 0x00000000c8a00000)
AC   0  F    TS     0 PTAMS 0x00000000c8a00000 NTAMS 0x00000000c8a00000 space 1024K,   0% used [0x00000000c8a00000, 0x00000000c8b00000)
AC   0  F    TS     0 PTAMS 0x00000000c8b00000 NTAMS 0x00000000c8b00000 space 1024K,   0% used [0x00000000c8b00000, 0x00000000c8c00000)
AC   0  F    TS     0 PTAMS 0x00000000c8c00000 NTAMS 0x00000000c8c00000 space 1024K,   0% used [0x00000000c8c00000, 0x00000000c8d00000)
AC   0  F    TS     0 PTAMS 0x00000000c8d00000 NTAMS 0x00000000c8d00000 space 1024K,   0% used [0x00000000c8d00000, 0x00000000c8e00000)
AC   0  F    TS     0 PTAMS 0x00000000c8e00000 NTAMS 0x00000000c8e00000 space 1024K,   0% used [0x00000000c8e00000, 0x00000000c8f00000)
AC   0  F    TS     0 PTAMS 0x00000000c8f00000 NTAMS 0x00000000c8f00000 space 1024K,   0% used [0x00000000c8f00000, 0x00000000c9000000)
AC   0  F    TS     0 PTAMS 0x00000000c9000000 NTAMS 0x00000000c9000000 space 1024K,   0% used [0x00000000c9000000, 0x00000000c9100000)
AC   0  F    TS     0 PTAMS 0x00000000c9100000 NTAMS 0x00000000c9100000 space 1024K,   0% used [0x00000000c9100000, 0x00000000c9200000)
AC   0  F    TS     0 PTAMS 0x00000000c9200000 NTAMS 0x00000000c9200000 space 1024K,   0% used [0x00000000c9200000, 0x00000000c9300000)
AC   0  F    TS     0 PTAMS 0x00000000c9300000 NTAMS 0x00000000c9300000 space 1024K,   0% used [0x00000000c9300000, 0x00000000c9400000)
AC   0  F    TS     0 PTAMS 0x00000000c9400000 NTAMS 0x00000000c9400000 space 1024K,   0% used [0x00000000c9400000, 0x00000000c9500000)
AC   0  F    TS     0 PTAMS 0x00000000c9500000 NTAMS 0x00000000c9500000 space 1024K,   0% used [0x00000000c9500000, 0x00000000c9600000)
AC   0  F    TS     0 PTAMS 0x00000000c9600000 NTAMS 0x00000000c9600000 space 1024K,   0% used [0x00000000c9600000, 0x00000000c9700000)
AC   0  F    TS     0 PTAMS 0x00000000c9700000 NTAMS 0x00000000c9700000 space 1024K,   0% used [0x00000000c9700000, 0x00000000c9800000)
AC   0  F    TS     0 PTAMS 0x00000000c9800000 NTAMS 0x00000000c9800000 space 1024K,   0% used [0x00000000c9800000, 0x00000000c9900000)
AC   0  F    TS     0 PTAMS 0x00000000c9900000 NTAMS 0x00000000c9900000 space 1024K,   0% used [0x00000000c9900000, 0x00000000c9a00000)
AC   0  F    TS     0 PTAMS 0x00000000c9a00000 NTAMS 0x00000000c9a00000 space 1024K,   0% used [0x00000000c9a00000, 0x00000000c9b00000)
AC   0  F    TS     0 PTAMS 0x00000000c9b00000 NTAMS 0x00000000c9b00000 space 1024K,   0% used [0x00000000c9b00000, 0x00000000c9c00000)
AC   0  F    TS     0 PTAMS 0x00000000c9c00000 NTAMS 0x00000000c9c00000 space 1024K,   0% used [0x00000000c9c00000, 0x00000000c9d00000)
AC   0  F    TS     0 PTAMS 0x00000000c9d00000 NTAMS 0x00000000c9d00000 space 1024K,   0% used [0x00000000c9d00000, 0x00000000c9e00000)
AC   0  F    TS     0 PTAMS 0x00000000c9e00000 NTAMS 0x00000000c9e00000 space 1024K,   0% used [0x00000000c9e00000, 0x00000000c9f00000)
AC   0  F    TS     0 PTAMS 0x00000000c9f00000 NTAMS 0x00000000c9f00000 space 1024K,   0% used [0x00000000c9f00000, 0x00000000ca000000)
AC   0  F    TS     0 PTAMS 0x00000000ca000000 NTAMS 0x00000000ca000000 space 1024K,   0% used [0x00000000ca000000, 0x00000000ca100000)
AC   0  F    TS     0 PTAMS 0x00000000ca100000 NTAMS 0x00000000ca100000 space 1024K,   0% used [0x00000000ca100000, 0x00000000ca200000)
AC   0  F    TS     0 PTAMS 0x00000000ca200000 NTAMS 0x00000000ca200000 space 1024K,   0% used [0x00000000ca200000, 0x00000000ca300000)
AC   0  F    TS     0 PTAMS 0x00000000ca300000 NTAMS 0x00000000ca300000 space 1024K,   0% used [0x00000000ca300000, 0x00000000ca400000)
AC   0  F    TS     0 PTAMS 0x00000000ca400000 NTAMS 0x00000000ca400000 space 1024K,   0% used [0x00000000ca400000, 0x00000000ca500000)
AC   0  F    TS     0 PTAMS 0x00000000ca500000 NTAMS 0x00000000ca500000 space 1024K,   0% used [0x00000000ca500000, 0x00000000ca600000)
AC   0  F    TS     0 PTAMS 0x00000000ca600000 NTAMS 0x00000000ca600000 space 1024K,   0% used [0x00000000ca600000, 0x00000000ca700000)
AC   0  F    TS     0 PTAMS 0x00000000ca700000 NTAMS 0x00000000ca700000 space 1024K,   0% used [0x00000000ca700000, 0x00000000ca800000)
AC   0  F    TS     0 PTAMS 0x00000000ca800000 NTAMS 0x00000000ca800000 space 1024K,   0% used [0x00000000ca800000, 0x00000000ca900000)
AC   0  F    TS     0 PTAMS 0x00000000ca900000 NTAMS 0x00000000ca900000 space 1024K,   0% used [0x00000000ca900000, 0x00000000caa00000)
AC   0  E    TS     0 PTAMS 0x00000000caa00000 NTAMS 0x00000000caa00000 space 1024K,  34% used [0x00000000caa00000, 0x00000000cab00000)
AC   0  E CS TS     0 PTAMS 0x00000000cab00000 NTAMS 0x00000000cab00000 space 1024K, 100% used [0x00000000cab00000, 0x00000000cac00000)
AC   0  E CS TS     0 PTAMS 0x00000000cac00000 NTAMS 0x00000000cac00000 space 1024K, 100% used [0x00000000cac00000, 0x00000000cad00000)
AC   0  E CS TS     0 PTAMS 0x00000000cad00000 NTAMS 0x00000000cad00000 space 1024K, 100% used [0x00000000cad00000, 0x00000000cae00000)
AC   0  E CS TS     0 PTAMS 0x00000000cae00000 NTAMS 0x00000000cae00000 space 1024K, 100% used [0x00000000cae00000, 0x00000000caf00000)
AC   0  E CS TS     0 PTAMS 0x00000000caf00000 NTAMS 0x00000000caf00000 space 1024K, 100% used [0x00000000caf00000, 0x00000000cb000000)
AC   0  E CS TS     0 PTAMS 0x00000000cb000000 NTAMS 0x00000000cb000000 space 1024K, 100% used [0x00000000cb000000, 0x00000000cb100000)
AC   0  E CS TS     0 PTAMS 0x00000000cb100000 NTAMS 0x00000000cb100000 space 1024K, 100% used [0x00000000cb100000, 0x00000000cb200000)
AC   0  E CS TS     0 PTAMS 0x00000000cb200000 NTAMS 0x00000000cb200000 space 1024K, 100% used [0x00000000cb200000, 0x00000000cb300000)
AC   0  E CS TS     0 PTAMS 0x00000000cb300000 NTAMS 0x00000000cb300000 space 1024K, 100% used [0x00000000cb300000, 0x00000000cb400000)
AC   0  E CS TS     0 PTAMS 0x00000000cb400000 NTAMS 0x00000000cb400000 space 1024K, 100% used [0x00000000cb400000, 0x00000000cb500000)
AC   0  E CS TS     0 PTAMS 0x00000000cb500000 NTAMS 0x00000000cb500000 space 1024K, 100% used [0x00000000cb500000, 0x00000000cb600000)
AC   0  E CS TS     0 PTAMS 0x00000000cb600000 NTAMS 0x00000000cb600000 space 1024K, 100% used [0x00000000cb600000, 0x00000000cb700000)
AC   0  E CS TS     0 PTAMS 0x00000000cb700000 NTAMS 0x00000000cb700000 space 1024K, 100% used [0x00000000cb700000, 0x00000000cb800000)
AC   0  E CS TS     0 PTAMS 0x00000000cb800000 NTAMS 0x00000000cb800000 space 1024K, 100% used [0x00000000cb800000, 0x00000000cb900000)
AC   0  S CS TS     0 PTAMS 0x00000000cb900000 NTAMS 0x00000000cb900000 space 1024K, 100% used [0x00000000cb900000, 0x00000000cba00000)
AC   0  S CS TS     0 PTAMS 0x00000000cba00000 NTAMS 0x00000000cba00000 space 1024K, 100% used [0x00000000cba00000, 0x00000000cbb00000)
AC   0  S CS TS     0 PTAMS 0x00000000cbb00000 NTAMS 0x00000000cbb00000 space 1024K, 100% used [0x00000000cbb00000, 0x00000000cbc00000)
AC   0  S CS TS     0 PTAMS 0x00000000cbc00000 NTAMS 0x00000000cbc00000 space 1024K, 100% used [0x00000000cbc00000, 0x00000000cbd00000)
AC   0  S CS TS     0 PTAMS 0x00000000cbd00000 NTAMS 0x00000000cbd00000 space 1024K, 100% used [0x00000000cbd00000, 0x00000000cbe00000)
AC   0  S CS TS     0 PTAMS 0x00000000cbe00000 NTAMS 0x00000000cbe00000 space 1024K, 100% used [0x00000000cbe00000, 0x00000000cbf00000)
AC   0  S CS TS     0 PTAMS 0x00000000cbf00000 NTAMS 0x00000000cbf00000 space 1024K, 100% used [0x00000000cbf00000, 0x00000000cc000000)
AC   0  S CS TS     0 PTAMS 0x00000000cc000000 NTAMS 0x00000000cc000000 space 1024K, 100% used [0x00000000cc000000, 0x00000000cc100000)
AC   0  S CS TS     0 PTAMS 0x00000000cc100000 NTAMS 0x00000000cc100000 space 1024K, 100% used [0x00000000cc100000, 0x00000000cc200000)
AC   0  S CS TS     0 PTAMS 0x00000000cc200000 NTAMS 0x00000000cc200000 space 1024K, 100% used [0x00000000cc200000, 0x00000000cc300000)
AC   0  S CS TS     0 PTAMS 0x00000000cc300000 NTAMS 0x00000000cc300000 space 1024K, 100% used [0x00000000cc300000, 0x00000000cc400000)
AC   0  S CS TS     0 PTAMS 0x00000000cc400000 NTAMS 0x00000000cc400000 space 1024K, 100% used [0x00000000cc400000, 0x00000000cc500000)
AC   0  S CS TS     0 PTAMS 0x00000000cc500000 NTAMS 0x00000000cc500000 space 1024K, 100% used [0x00000000cc500000, 0x00000000cc600000)
AC   0  S CS TS     0 PTAMS 0x00000000cc600000 NTAMS 0x00000000cc600000 space 1024K, 100% used [0x00000000cc600000, 0x00000000cc700000)
AC   0  E CS TS     0 PTAMS 0x00000000cc700000 NTAMS 0x00000000cc700000 space 1024K, 100% used [0x00000000cc700000, 0x00000000cc800000)
AC   0  E CS TS     0 PTAMS 0x00000000cc800000 NTAMS 0x00000000cc800000 space 1024K, 100% used [0x00000000cc800000, 0x00000000cc900000)
AC   0  E CS TS     0 PTAMS 0x00000000cc900000 NTAMS 0x00000000cc900000 space 1024K, 100% used [0x00000000cc900000, 0x00000000cca00000)
AC   0  E CS TS     0 PTAMS 0x00000000cca00000 NTAMS 0x00000000cca00000 space 1024K, 100% used [0x00000000cca00000, 0x00000000ccb00000)
AC   0  E CS TS     0 PTAMS 0x00000000ccb00000 NTAMS 0x00000000ccb00000 space 1024K, 100% used [0x00000000ccb00000, 0x00000000ccc00000)
AC   0  E CS TS     0 PTAMS 0x00000000ccc00000 NTAMS 0x00000000ccc00000 space 1024K, 100% used [0x00000000ccc00000, 0x00000000ccd00000)
AC   0  E CS TS     0 PTAMS 0x00000000ccd00000 NTAMS 0x00000000ccd00000 space 1024K, 100% used [0x00000000ccd00000, 0x00000000cce00000)
AC   0  E CS TS     0 PTAMS 0x00000000cce00000 NTAMS 0x00000000cce00000 space 1024K, 100% used [0x00000000cce00000, 0x00000000ccf00000)
AC   0  E CS TS     0 PTAMS 0x00000000ccf00000 NTAMS 0x00000000ccf00000 space 1024K, 100% used [0x00000000ccf00000, 0x00000000cd000000)
AC   0  E CS TS     0 PTAMS 0x00000000cd000000 NTAMS 0x00000000cd000000 space 1024K, 100% used [0x00000000cd000000, 0x00000000cd100000)
AC   0  E CS TS     0 PTAMS 0x00000000cd100000 NTAMS 0x00000000cd100000 space 1024K, 100% used [0x00000000cd100000, 0x00000000cd200000)
AC   0  E CS TS     0 PTAMS 0x00000000cd200000 NTAMS 0x00000000cd200000 space 1024K, 100% used [0x00000000cd200000, 0x00000000cd300000)
AC   0  E CS TS     0 PTAMS 0x00000000cd300000 NTAMS 0x00000000cd300000 space 1024K, 100% used [0x00000000cd300000, 0x00000000cd400000)
AC   0  E CS TS     0 PTAMS 0x00000000cd400000 NTAMS 0x00000000cd400000 space 1024K, 100% used [0x00000000cd400000, 0x00000000cd500000)
AC   0  E CS TS     0 PTAMS 0x00000000cd500000 NTAMS 0x00000000cd500000 space 1024K, 100% used [0x00000000cd500000, 0x00000000cd600000)
AC   0  E CS TS     0 PTAMS 0x00000000cd600000 NTAMS 0x00000000cd600000 space 1024K, 100% used [0x00000000cd600000, 0x00000000cd700000)
AC   0  E CS TS     0 PTAMS 0x00000000cd700000 NTAMS 0x00000000cd700000 space 1024K, 100% used [0x00000000cd700000, 0x00000000cd800000)
AC   0  E CS TS     0 PTAMS 0x00000000cd800000 NTAMS 0x00000000cd800000 space 1024K, 100% used [0x00000000cd800000, 0x00000000cd900000)
AC   0  E CS TS     0 PTAMS 0x00000000cd900000 NTAMS 0x00000000cd900000 space 1024K, 100% used [0x00000000cd900000, 0x00000000cda00000)
AC   0  E CS TS     0 PTAMS 0x00000000cda00000 NTAMS 0x00000000cda00000 space 1024K, 100% used [0x00000000cda00000, 0x00000000cdb00000)
AC   0  E CS TS     0 PTAMS 0x00000000cdb00000 NTAMS 0x00000000cdb00000 space 1024K, 100% used [0x00000000cdb00000, 0x00000000cdc00000)
AC   0  E CS TS     0 PTAMS 0x00000000cdc00000 NTAMS 0x00000000cdc00000 space 1024K, 100% used [0x00000000cdc00000, 0x00000000cdd00000)
AC   0  E CS TS     0 PTAMS 0x00000000cdd00000 NTAMS 0x00000000cdd00000 space 1024K, 100% used [0x00000000cdd00000, 0x00000000cde00000)
AC   0  E CS TS     0 PTAMS 0x00000000cde00000 NTAMS 0x00000000cde00000 space 1024K, 100% used [0x00000000cde00000, 0x00000000cdf00000)
AC   0  E CS TS     0 PTAMS 0x00000000cdf00000 NTAMS 0x00000000cdf00000 space 1024K, 100% used [0x00000000cdf00000, 0x00000000ce000000)
AC   0  E CS TS     0 PTAMS 0x00000000ce000000 NTAMS 0x00000000ce000000 space 1024K, 100% used [0x00000000ce000000, 0x00000000ce100000)
AC   0  E CS TS     0 PTAMS 0x00000000ce100000 NTAMS 0x00000000ce100000 space 1024K, 100% used [0x00000000ce100000, 0x00000000ce200000)
AC   0  E CS TS     0 PTAMS 0x00000000ce200000 NTAMS 0x00000000ce200000 space 1024K, 100% used [0x00000000ce200000, 0x00000000ce300000)
AC   0  E CS TS     0 PTAMS 0x00000000ce300000 NTAMS 0x00000000ce300000 space 1024K, 100% used [0x00000000ce300000, 0x00000000ce400000)
AC   0  E CS TS     0 PTAMS 0x00000000ce400000 NTAMS 0x00000000ce400000 space 1024K, 100% used [0x00000000ce400000, 0x00000000ce500000)
AC   0  E CS TS     0 PTAMS 0x00000000ce500000 NTAMS 0x00000000ce500000 space 1024K, 100% used [0x00000000ce500000, 0x00000000ce600000)
AC   0  E CS TS     0 PTAMS 0x00000000ce600000 NTAMS 0x00000000ce600000 space 1024K, 100% used [0x00000000ce600000, 0x00000000ce700000)
AC   0  E CS TS     0 PTAMS 0x00000000ce700000 NTAMS 0x00000000ce700000 space 1024K, 100% used [0x00000000ce700000, 0x00000000ce800000)
AC   0  E CS TS     0 PTAMS 0x00000000ce800000 NTAMS 0x00000000ce800000 space 1024K, 100% used [0x00000000ce800000, 0x00000000ce900000)
AC   0  E CS TS     0 PTAMS 0x00000000ce900000 NTAMS 0x00000000ce900000 space 1024K, 100% used [0x00000000ce900000, 0x00000000cea00000)
AC   0  E CS TS     0 PTAMS 0x00000000cea00000 NTAMS 0x00000000cea00000 space 1024K, 100% used [0x00000000cea00000, 0x00000000ceb00000)
AC   0  E CS TS     0 PTAMS 0x00000000ceb00000 NTAMS 0x00000000ceb00000 space 1024K, 100% used [0x00000000ceb00000, 0x00000000cec00000)
AC   0  E CS TS     0 PTAMS 0x00000000cec00000 NTAMS 0x00000000cec00000 space 1024K, 100% used [0x00000000cec00000, 0x00000000ced00000)
AC   0  E CS TS     0 PTAMS 0x00000000ced00000 NTAMS 0x00000000ced00000 space 1024K, 100% used [0x00000000ced00000, 0x00000000cee00000)
AC   0  E CS TS     0 PTAMS 0x00000000cee00000 NTAMS 0x00000000cee00000 space 1024K, 100% used [0x00000000cee00000, 0x00000000cef00000)
AC   0  E CS TS     0 PTAMS 0x00000000cef00000 NTAMS 0x00000000cef00000 space 1024K, 100% used [0x00000000cef00000, 0x00000000cf000000)
AC   0  E CS TS     0 PTAMS 0x00000000cf000000 NTAMS 0x00000000cf000000 space 1024K, 100% used [0x00000000cf000000, 0x00000000cf100000)
AC   0  E CS TS     0 PTAMS 0x00000000cf100000 NTAMS 0x00000000cf100000 space 1024K, 100% used [0x00000000cf100000, 0x00000000cf200000)
AC   0  E CS TS     0 PTAMS 0x00000000cf200000 NTAMS 0x00000000cf200000 space 1024K, 100% used [0x00000000cf200000, 0x00000000cf300000)
AC   0  E CS TS     0 PTAMS 0x00000000cf300000 NTAMS 0x00000000cf300000 space 1024K, 100% used [0x00000000cf300000, 0x00000000cf400000)
AC   0  E CS TS     0 PTAMS 0x00000000cf400000 NTAMS 0x00000000cf400000 space 1024K, 100% used [0x00000000cf400000, 0x00000000cf500000)
AC   0  E CS TS     0 PTAMS 0x00000000cf500000 NTAMS 0x00000000cf500000 space 1024K, 100% used [0x00000000cf500000, 0x00000000cf600000)
AC   0  E CS TS     0 PTAMS 0x00000000cf600000 NTAMS 0x00000000cf600000 space 1024K, 100% used [0x00000000cf600000, 0x00000000cf700000)
AC   0  E CS TS     0 PTAMS 0x00000000cf700000 NTAMS 0x00000000cf700000 space 1024K, 100% used [0x00000000cf700000, 0x00000000cf800000)
AC   0  E CS TS     0 PTAMS 0x00000000cf800000 NTAMS 0x00000000cf800000 space 1024K, 100% used [0x00000000cf800000, 0x00000000cf900000)
AC   0  E CS TS     0 PTAMS 0x00000000cf900000 NTAMS 0x00000000cf900000 space 1024K, 100% used [0x00000000cf900000, 0x00000000cfa00000)
AC   0  E CS TS     0 PTAMS 0x00000000cfa00000 NTAMS 0x00000000cfa00000 space 1024K, 100% used [0x00000000cfa00000, 0x00000000cfb00000)
AC   0  E CS TS     0 PTAMS 0x00000000cfb00000 NTAMS 0x00000000cfb00000 space 1024K, 100% used [0x00000000cfb00000, 0x00000000cfc00000)
AC   0  E CS TS     0 PTAMS 0x00000000cfc00000 NTAMS 0x00000000cfc00000 space 1024K, 100% used [0x00000000cfc00000, 0x00000000cfd00000)
AC   0  E CS TS     0 PTAMS 0x00000000cfd00000 NTAMS 0x00000000cfd00000 space 1024K, 100% used [0x00000000cfd00000, 0x00000000cfe00000)

Card table byte_map: [0x0000000013190000,0x0000000013390000] byte_map_base: 0x0000000012b90000

Marking Bits (Prev, Next): (CMBitMap*) 0x00000000025b0430, (CMBitMap*) 0x00000000025b03d8
 Prev Bits: [0x0000000014590000, 0x0000000015590000)
 Next Bits: [0x0000000013590000, 0x0000000014590000)

Polling page: 0x00000000009a0000

CodeCache: size=245760Kb used=11432Kb max_used=11432Kb free=234327Kb
 bounds [0x0000000002670000, 0x00000000031b0000, 0x0000000011670000]
 total_blobs=3712 nmethods=3240 adapters=385
 compilation: enabled

Compilation events (10 events):
Event: 5.628 Thread 0x000000001833b800 nmethod 3301 0x0000000002781d90 code [0x0000000002781ee0, 0x0000000002782030]
Event: 5.628 Thread 0x000000001833b800 3303       3       java.util.regex.Matcher::group (112 bytes)
Event: 5.629 Thread 0x000000001833b800 nmethod 3303 0x0000000002771e50 code [0x0000000002772080, 0x0000000002772de8]
Event: 5.629 Thread 0x000000001833b800 3299       3       java.util.regex.Pattern$GroupTail::match (111 bytes)
Event: 5.630 Thread 0x000000001833b800 nmethod 3299 0x00000000027fa390 code [0x00000000027fa520, 0x00000000027fa8e8]
Event: 5.630 Thread 0x000000001833b800 3306       3       java.util.concurrent.locks.ReentrantReadWriteLock::getReadHoldCount (8 bytes)
Event: 5.630 Thread 0x000000001833b800 nmethod 3306 0x000000000319b1d0 code [0x000000000319b340, 0x000000000319b548]
Event: 5.631 Thread 0x000000001833b800 3308       3       java.io.StringWriter::write (10 bytes)
Event: 5.631 Thread 0x000000001833b800 nmethod 3308 0x00000000027b1ed0 code [0x00000000027b2040, 0x00000000027b2468]
Event: 5.631 Thread 0x000000001833b800 3307       3       java.util.concurrent.locks.ReentrantReadWriteLock$Sync::getReadHoldCount (79 bytes)

GC Heap History (6 events):
Event: 1.479 GC heap before
{Heap before GC invocations=0 (full 0):
 garbage-first heap   total 260096K, used 22528K [0x00000000c0000000, 0x00000000c01007f0, 0x0000000100000000)
  region size 1024K, 22 young (22528K), 0 survivors (0K)
 Metaspace       used 8107K, capacity 8206K, committed 8320K, reserved 1056768K
  class space    used 864K, capacity 888K, committed 896K, reserved 1048576K
Event: 1.490 GC heap after
Heap after GC invocations=1 (full 0):
 garbage-first heap   total 260096K, used 5021K [0x00000000c0000000, 0x00000000c01007f0, 0x0000000100000000)
  region size 1024K, 3 young (3072K), 3 survivors (3072K)
 Metaspace       used 8107K, capacity 8206K, committed 8320K, reserved 1056768K
  class space    used 864K, capacity 888K, committed 896K, reserved 1048576K
}
Event: 2.145 GC heap before
{Heap before GC invocations=1 (full 0):
 garbage-first heap   total 260096K, used 37789K [0x00000000c0000000, 0x00000000c01007f0, 0x0000000100000000)
  region size 1024K, 35 young (35840K), 3 survivors (3072K)
 Metaspace       used 10253K, capacity 10486K, committed 10624K, reserved 1058816K
  class space    used 1066K, capacity 1131K, committed 1152K, reserved 1048576K
Event: 2.155 GC heap after
Heap after GC invocations=2 (full 0):
 garbage-first heap   total 260096K, used 10338K [0x00000000c0000000, 0x00000000c01007f0, 0x0000000100000000)
  region size 1024K, 5 young (5120K), 5 survivors (5120K)
 Metaspace       used 10253K, capacity 10486K, committed 10624K, reserved 1058816K
  class space    used 1066K, capacity 1131K, committed 1152K, reserved 1048576K
}
Event: 3.751 GC heap before
{Heap before GC invocations=2 (full 0):
 garbage-first heap   total 260096K, used 60514K [0x00000000c0000000, 0x00000000c01007f0, 0x0000000100000000)
  region size 1024K, 55 young (56320K), 5 survivors (5120K)
 Metaspace       used 20161K, capacity 21084K, committed 21296K, reserved 1069056K
  class space    used 2098K, capacity 2435K, committed 2560K, reserved 1048576K
Event: 3.773 GC heap after
Heap after GC invocations=3 (full 0):
 garbage-first heap   total 260096K, used 22888K [0x00000000c0000000, 0x00000000c01007f0, 0x0000000100000000)
  region size 1024K, 14 young (14336K), 14 survivors (14336K)
 Metaspace       used 20161K, capacity 21084K, committed 21296K, reserved 1069056K
  class space    used 2098K, capacity 2435K, committed 2560K, reserved 1048576K
}

Deoptimization events (10 events):
Event: 5.014 Thread 0x000000001a0ff000 Uncommon trap: reason=unstable_if action=reinterpret pc=0x0000000002c96e10 method=java.util.Properties$LineReader.readLine()I @ 252
Event: 5.014 Thread 0x000000001a0ff000 Uncommon trap: reason=unstable_if action=reinterpret pc=0x0000000002bd2b58 method=java.util.Properties$LineReader.readLine()I @ 252
Event: 5.015 Thread 0x000000001a0ff000 Uncommon trap: reason=unstable_if action=reinterpret pc=0x0000000002d3dfa0 method=java.util.Hashtable$Enumerator.nextElement()Ljava/lang/Object; @ 87
Event: 5.595 Thread 0x000000001b5a9000 Uncommon trap: reason=class_check action=maybe_recompile pc=0x0000000002fa5bc4 method=java.lang.reflect.Field.getAnnotation(Ljava/lang/Class;)Ljava/lang/annotation/Annotation; @ 19
Event: 5.619 Thread 0x000000001b5a9000 Uncommon trap: reason=unstable_if action=reinterpret pc=0x0000000002d5f6d0 method=java.util.concurrent.locks.AbstractQueuedSynchronizer.acquire(I)V @ 5
Event: 5.625 Thread 0x000000001b5ae800 Uncommon trap: reason=class_check action=maybe_recompile pc=0x0000000002fa5bc4 method=java.lang.reflect.Field.getAnnotation(Ljava/lang/Class;)Ljava/lang/annotation/Annotation; @ 19
Event: 5.625 Thread 0x000000001b5ae800 Uncommon trap: reason=class_check action=maybe_recompile pc=0x0000000002fa5bc4 method=java.lang.reflect.Field.getAnnotation(Ljava/lang/Class;)Ljava/lang/annotation/Annotation; @ 19
Event: 5.630 Thread 0x000000001b5ae800 Uncommon trap: reason=bimorphic action=maybe_recompile pc=0x0000000002d14304 method=java.lang.ThreadLocal.get()Ljava/lang/Object; @ 6
Event: 5.631 Thread 0x000000001a0ff000 Uncommon trap: reason=bimorphic action=maybe_recompile pc=0x0000000002d14304 method=java.lang.ThreadLocal.get()Ljava/lang/Object; @ 6
Event: 5.631 Thread 0x000000001a0ff000 Uncommon trap: reason=unstable_if action=reinterpret pc=0x00000000030ed20c method=java.util.concurrent.locks.ReentrantReadWriteLock$Sync.tryAcquireShared(I)I @ 81

Internal exceptions (10 events):
Event: 3.545 Thread 0x000000001a0ff000 Exception <a 'java/lang/ArrayIndexOutOfBoundsException'> (0x00000000cd55f200) thrown at [C:\re\workspace\8-2-build-windows-amd64-cygwin\jdk8u91\7017\hotspot\src\share\vm\runtime\sharedRuntime.cpp, line 605]
Event: 3.545 Thread 0x000000001a0ff000 Exception <a 'java/lang/ArrayIndexOutOfBoundsException'> (0x00000000cd560940) thrown at [C:\re\workspace\8-2-build-windows-amd64-cygwin\jdk8u91\7017\hotspot\src\share\vm\runtime\sharedRuntime.cpp, line 605]
Event: 3.545 Thread 0x000000001a0ff000 Exception <a 'java/lang/ArrayIndexOutOfBoundsException'> (0x00000000cd5621f0) thrown at [C:\re\workspace\8-2-build-windows-amd64-cygwin\jdk8u91\7017\hotspot\src\share\vm\runtime\sharedRuntime.cpp, line 605]
Event: 3.545 Thread 0x000000001a0ff000 Exception <a 'java/lang/ArrayIndexOutOfBoundsException'> (0x00000000cd563240) thrown at [C:\re\workspace\8-2-build-windows-amd64-cygwin\jdk8u91\7017\hotspot\src\share\vm\runtime\sharedRuntime.cpp, line 605]
Event: 3.545 Thread 0x000000001a0ff000 Exception <a 'java/lang/ArrayIndexOutOfBoundsException'> (0x00000000cd564c48) thrown at [C:\re\workspace\8-2-build-windows-amd64-cygwin\jdk8u91\7017\hotspot\src\share\vm\runtime\sharedRuntime.cpp, line 605]
Event: 3.682 Thread 0x000000001a0ff000 Exception <a 'java/lang/ArrayIndexOutOfBoundsException': 73> (0x00000000ccbca678) thrown at [C:\re\workspace\8-2-build-windows-amd64-cygwin\jdk8u91\7017\hotspot\src\share\vm\interpreter\interpreterRuntime.cpp, line 366]
Event: 3.682 Thread 0x000000001a0ff000 Exception <a 'java/lang/ArrayIndexOutOfBoundsException': 131> (0x00000000ccbcc208) thrown at [C:\re\workspace\8-2-build-windows-amd64-cygwin\jdk8u91\7017\hotspot\src\share\vm\interpreter\interpreterRuntime.cpp, line 366]
Event: 4.872 Thread 0x000000001a0ff000 Exception <a 'java/lang/NoClassDefFoundError': com/google/inject/servlet/ServletModuleTargetVisitor> (0x00000000ccc2d948) thrown at [C:\re\workspace\8-2-build-windows-amd64-cygwin\jdk8u91\7017\hotspot\src\share\vm\classfile\systemDictionary.cpp, line 199]
Event: 4.873 Thread 0x000000001a0ff000 Exception <a 'java/lang/NoClassDefFoundError': javax/annotation/Priority> (0x00000000ccc34020) thrown at [C:\re\workspace\8-2-build-windows-amd64-cygwin\jdk8u91\7017\hotspot\src\share\vm\classfile\systemDictionary.cpp, line 199]
Event: 5.440 Thread 0x000000000256e000 Exception <a 'java/io/FileNotFoundException'> (0x00000000cb047298) thrown at [C:\re\workspace\8-2-build-windows-amd64-cygwin\jdk8u91\7017\hotspot\src\share\vm\prims\jni.cpp, line 709]

Events (10 events):
Event: 5.631 Executing VM operation: RevokeBias
Event: 5.631 Executing VM operation: RevokeBias done
Event: 5.631 Thread 0x000000001a0ff000 Uncommon trap: trap_request=0xffffffc6 fr.pc=0x0000000002d14304
Event: 5.631 Thread 0x000000001a0ff000 DEOPT PACKING pc=0x0000000002d14304 sp=0x000000001ac5efa0
Event: 5.631 Thread 0x000000001a0ff000 DEOPT UNPACKING pc=0x00000000026b582a sp=0x000000001ac5ef50 mode 2
Event: 5.631 loading class java/util/concurrent/locks/ReentrantReadWriteLock$Sync$HoldCounter
Event: 5.631 loading class java/util/concurrent/locks/ReentrantReadWriteLock$Sync$HoldCounter done
Event: 5.631 Thread 0x000000001a0ff000 Uncommon trap: trap_request=0xffffff65 fr.pc=0x00000000030ed20c
Event: 5.631 Thread 0x000000001a0ff000 DEOPT PACKING pc=0x00000000030ed20c sp=0x000000001ac5f010
Event: 5.631 Thread 0x000000001a0ff000 DEOPT UNPACKING pc=0x00000000026b582a sp=0x000000001ac5efb0 mode 2


Dynamic libraries:
0x00007ff6c36b0000 - 0x00007ff6c36e7000 	C:\Program Files\Java\jdk1.8.0_91\bin\java.exe
0x00007ffac6530000 - 0x00007ffac6711000 	C:\WINDOWS\SYSTEM32\ntdll.dll
0x00007ffa94140000 - 0x00007ffa94154000 	C:\Program Files\AVAST Software\Avast\x64\aswhooka.dll
0x00007ffac4530000 - 0x00007ffac45e2000 	C:\WINDOWS\System32\KERNEL32.DLL
0x00007ffac2b00000 - 0x00007ffac2d73000 	C:\WINDOWS\System32\KERNELBASE.dll
0x00007ffac4ee0000 - 0x00007ffac4f81000 	C:\WINDOWS\System32\ADVAPI32.dll
0x00007ffac4380000 - 0x00007ffac441e000 	C:\WINDOWS\System32\msvcrt.dll
0x00007ffac4100000 - 0x00007ffac415b000 	C:\WINDOWS\System32\sechost.dll
0x00007ffac4160000 - 0x00007ffac4284000 	C:\WINDOWS\System32\RPCRT4.dll
0x00007ffac3f00000 - 0x00007ffac4090000 	C:\WINDOWS\System32\USER32.dll
0x00007ffac3700000 - 0x00007ffac3720000 	C:\WINDOWS\System32\win32u.dll
0x00007ffac4eb0000 - 0x00007ffac4ed8000 	C:\WINDOWS\System32\GDI32.dll
0x00007ffac2900000 - 0x00007ffac2a92000 	C:\WINDOWS\System32\gdi32full.dll
0x00007ffac3490000 - 0x00007ffac352f000 	C:\WINDOWS\System32\msvcp_win.dll
0x00007ffac3600000 - 0x00007ffac36fa000 	C:\WINDOWS\System32\ucrtbase.dll
0x00007ffab5d40000 - 0x00007ffab5fa9000 	C:\WINDOWS\WinSxS\amd64_microsoft.windows.common-controls_6595b64144ccf1df_6.0.17134.472_none_fb3f9af53068156d\COMCTL32.dll
0x00007ffac39f0000 - 0x00007ffac3d12000 	C:\WINDOWS\System32\combase.dll
0x00007ffac3580000 - 0x00007ffac35fa000 	C:\WINDOWS\System32\bcryptPrimitives.dll
0x00007ffac39c0000 - 0x00007ffac39ed000 	C:\WINDOWS\System32\IMM32.DLL
0x00000000622a0000 - 0x0000000062372000 	C:\Program Files\Java\jdk1.8.0_91\jre\bin\msvcr100.dll
0x0000000061a00000 - 0x0000000062293000 	C:\Program Files\Java\jdk1.8.0_91\jre\bin\server\jvm.dll
0x00007ffac4df0000 - 0x00007ffac4df8000 	C:\WINDOWS\System32\PSAPI.DLL
0x00007ffaa1260000 - 0x00007ffaa1269000 	C:\WINDOWS\SYSTEM32\WSOCK32.dll
0x00007ffac44c0000 - 0x00007ffac452c000 	C:\WINDOWS\System32\WS2_32.dll
0x00007ffabe460000 - 0x00007ffabe483000 	C:\WINDOWS\SYSTEM32\WINMM.dll
0x00007ffabe5a0000 - 0x00007ffabe5aa000 	C:\WINDOWS\SYSTEM32\VERSION.dll
0x00007ffabe430000 - 0x00007ffabe45a000 	C:\WINDOWS\SYSTEM32\WINMMBASE.dll
0x00007ffac3530000 - 0x00007ffac3579000 	C:\WINDOWS\System32\cfgmgr32.dll
0x0000000062b60000 - 0x0000000062b6f000 	C:\Program Files\Java\jdk1.8.0_91\jre\bin\verify.dll
0x0000000062b30000 - 0x0000000062b59000 	C:\Program Files\Java\jdk1.8.0_91\jre\bin\java.dll
0x00000000619e0000 - 0x00000000619f6000 	C:\Program Files\Java\jdk1.8.0_91\jre\bin\zip.dll
0x00007ffac5060000 - 0x00007ffac64a0000 	C:\WINDOWS\System32\SHELL32.dll
0x00007ffac4e00000 - 0x00007ffac4ea9000 	C:\WINDOWS\System32\shcore.dll
0x00007ffac2d80000 - 0x00007ffac348d000 	C:\WINDOWS\System32\windows.storage.dll
0x00007ffac40a0000 - 0x00007ffac40f1000 	C:\WINDOWS\System32\shlwapi.dll
0x00007ffac28a0000 - 0x00007ffac28b1000 	C:\WINDOWS\System32\kernel.appcore.dll
0x00007ffac28c0000 - 0x00007ffac28df000 	C:\WINDOWS\System32\profapi.dll
0x00007ffac2850000 - 0x00007ffac289c000 	C:\WINDOWS\System32\powrprof.dll
0x00007ffac2840000 - 0x00007ffac284a000 	C:\WINDOWS\System32\FLTLIB.DLL
0x00007ffac2270000 - 0x00007ffac2287000 	C:\WINDOWS\SYSTEM32\CRYPTSP.dll
0x00007ffac1ca0000 - 0x00007ffac1cd3000 	C:\WINDOWS\system32\rsaenh.dll
0x00007ffac23a0000 - 0x00007ffac23c5000 	C:\WINDOWS\SYSTEM32\bcrypt.dll
0x00007ffac2770000 - 0x00007ffac2798000 	C:\WINDOWS\SYSTEM32\USERENV.dll
0x00007ffac2290000 - 0x00007ffac229b000 	C:\WINDOWS\SYSTEM32\CRYPTBASE.dll
0x00000000619c0000 - 0x00000000619da000 	C:\Program Files\Java\jdk1.8.0_91\jre\bin\net.dll
0x00007ffac20c0000 - 0x00007ffac2126000 	C:\WINDOWS\system32\mswsock.dll
0x00007ffac1e40000 - 0x00007ffac1e78000 	C:\WINDOWS\SYSTEM32\IPHLPAPI.DLL
0x00007ffac4de0000 - 0x00007ffac4de8000 	C:\WINDOWS\System32\NSI.dll
0x00007ffabdff0000 - 0x00007ffabe006000 	C:\WINDOWS\SYSTEM32\dhcpcsvc6.DLL
0x00007ffabdfd0000 - 0x00007ffabdfea000 	C:\WINDOWS\SYSTEM32\dhcpcsvc.DLL
0x00000000619a0000 - 0x00000000619b1000 	C:\Program Files\Java\jdk1.8.0_91\jre\bin\nio.dll
0x00007ffabc1c0000 - 0x00007ffabc1e9000 	C:\Users\Brendan\.vscode\extensions\redhat.java-0.36.0\server\config_win\org.eclipse.equinox.launcher\org.eclipse.equinox.launcher.win32.win32.x86_64_1.1.900.v20180922-1751\eclipse_1801.dll
0x00007ffab01d0000 - 0x00007ffab0399000 	C:\WINDOWS\SYSTEM32\dbghelp.dll

VM Arguments:
jvm_args: -Declipse.application=org.eclipse.jdt.ls.core.id1 -Dosgi.bundles.defaultStartLevel=4 -Declipse.product=org.eclipse.jdt.ls.core.product -Xverify:none -Xmx1G -XX:+UseG1GC -XX:+UseStringDeduplication 
java_command: C:\Users\Brendan\.vscode\extensions\redhat.java-0.36.0\server\plugins\org.eclipse.equinox.launcher_1.5.200.v20180922-1751.jar -configuration C:\Users\Brendan\.vscode\extensions\redhat.java-0.36.0\server\config_win -data c:\Users\Brendan\AppData\Roaming\Code\User\workspaceStorage\7f22294833d0675836bc7eace21dc031\redhat.java\jdt_ws
java_class_path (initial): C:\Users\Brendan\.vscode\extensions\redhat.java-0.36.0\server\plugins\org.eclipse.equinox.launcher_1.5.200.v20180922-1751.jar
Launcher Type: SUN_STANDARD

Environment Variables:
JAVA_HOME=C:\Program Files\Java\jdk1.8.0_91
PATH=;C:\WINDOWS\system32;C:\WINDOWS;C:\WINDOWS\System32\Wbem;C:\WINDOWS\System32\WindowsPowerShell\v1.0\;C:\Program Files\nodejs\;C:\Program Files (x86)\NVIDIA Corporation\PhysX\Common;C:\WINDOWS\system32;C:\WINDOWS;C:\WINDOWS\System32\Wbem;C:\WINDOWS\System32\WindowsPowerShell\v1.0\;C:\WINDOWS\System32\OpenSSH\;C:\Program Files\Microsoft VS Code\bin;C:\Users\Brendan\AppData\Local\Programs\Python\Python35\Scripts\;C:\Users\Brendan\AppData\Local\Programs\Python\Python35\;C:\Ruby200-x64\bin;C:\Users\Brendan\AppData\Local\atom\bin;C:\Users\Brendan\AppData\Local\Microsoft\WindowsApps;C:\Program Files (x86)\Nmap;S:\devkitPro\msys\bin;C:\Program Files\Microsoft VS Code\bin;C:\Users\Brendan\AppData\Local\GitHubDesktop\bin;%USERPROFILE%\AppData\Local\Microsoft\WindowsApps;C:\Users\Brendan\AppData\Roaming\npm;C:\Program Files\Git\bin;C:\Program Files\Java\jre1.8.0_111\bin;E:\nwjs-sdk-v0.31.0-win-x64;;C:\Users\Brendan\AppData\Local\hyper\app-2.1.0\resources\bin
USERNAME=Brendan
OS=Windows_NT
PROCESSOR_IDENTIFIER=AMD64 Family 21 Model 2 Stepping 0, AuthenticAMD



---------------  S Y S T E M  ---------------

OS: Windows 10.0 , 64 bit Build 17134 (10.0.17134.1)

CPU:total 6 (6 cores per cpu, 1 threads per core) family 21 model 2 stepping 0, cmov, cx8, fxsr, mmx, sse, sse2, sse3, ssse3, sse4.1, sse4.2, popcnt, avx, aes, clmul, mmxext, 3dnowpref, lzcnt, sse4a, tsc, tscinvbit, tscinv, bmi1

Memory: 4k page, physical 16608212k(6440740k free), swap 19418656k(5875396k free)

vm_info: Java HotSpot(TM) 64-Bit Server VM (25.91-b15) for windows-amd64 JRE (1.8.0_91-b15), built on May 20 2016 17:43:15 by "java_re" with MS VC++ 10.0 (VS2010)

time: Wed Jan 02 22:37:47 2019
elapsed time: 5 seconds (0d 0h 0m 5s)

